::1 - - [03/Jan/2024:19:48:55 +0000] "POST /api/v1/product/create-product HTTP/1.1" 500 682 "-" "PostmanRuntime/7.36.0"
::1 - - [03/Jan/2024:19:49:03 +0000] "POST /api/v1/product/create-product HTTP/1.1" 201 436 "-" "PostmanRuntime/7.36.0"
::1 - - [03/Jan/2024:19:49:35 +0000] "POST /api/v1/product/create-product HTTP/1.1" 500 678 "-" "PostmanRuntime/7.36.0"
::1 - - [03/Jan/2024:19:49:41 +0000] "POST /api/v1/product/create-product HTTP/1.1" 201 564 "-" "PostmanRuntime/7.36.0"
::1 - - [03/Jan/2024:19:52:16 +0000] "POST /api/v1/product/create-product HTTP/1.1" 400 205 "-" "PostmanRuntime/7.36.0"
::1 - - [03/Jan/2024:19:52:50 +0000] "POST /api/v1/product/create-product HTTP/1.1" 400 88 "-" "PostmanRuntime/7.36.0"
::1 - - [03/Jan/2024:19:57:02 +0000] "POST /api/v1/product/create-product HTTP/1.1" 400 65 "-" "PostmanRuntime/7.36.0"
::1 - - [03/Jan/2024:20:01:12 +0000] "POST /api/v1/product/create-product HTTP/1.1" 400 65 "-" "PostmanRuntime/7.36.0"
::1 - - [03/Jan/2024:20:01:52 +0000] "POST /api/v1/product/create-product HTTP/1.1" 400 65 "-" "PostmanRuntime/7.36.0"
::1 - - [03/Jan/2024:20:02:27 +0000] "POST /api/v1/product/create-product HTTP/1.1" 400 65 "-" "PostmanRuntime/7.36.0"
::1 - - [03/Jan/2024:20:08:18 +0000] "POST /api/v1/product/create-product HTTP/1.1" 400 65 "-" "PostmanRuntime/7.36.0"
::1 - - [03/Jan/2024:20:09:13 +0000] "POST /api/v1/product/create-product HTTP/1.1" 400 65 "-" "PostmanRuntime/7.36.0"
::1 - - [03/Jan/2024:20:23:04 +0000] "POST /api/v1/product/create-product HTTP/1.1" 400 65 "-" "PostmanRuntime/7.36.0"
::1 - - [03/Jan/2024:20:25:29 +0000] "POST /api/v1/product/create-product HTTP/1.1" 400 65 "-" "PostmanRuntime/7.36.0"
::1 - - [03/Jan/2024:20:26:42 +0000] "POST /api/v1/product/create-product HTTP/1.1" 201 564 "-" "PostmanRuntime/7.36.0"
::1 - - [03/Jan/2024:20:27:10 +0000] "POST /api/v1/product/create-product HTTP/1.1" 400 69 "-" "PostmanRuntime/7.36.0"
::1 - - [03/Jan/2024:20:43:55 +0000] "POST /api/v1/product/create-product HTTP/1.1" 500 1551 "-" "PostmanRuntime/7.36.0"
::1 - - [03/Jan/2024:20:46:20 +0000] "POST /api/v1/product/create-product HTTP/1.1" 201 564 "-" "PostmanRuntime/7.36.0"
::1 - - [03/Jan/2024:20:52:14 +0000] "POST /api/v1/product/create-product HTTP/1.1" 400 401 "-" "PostmanRuntime/7.36.0"
::1 - - [03/Jan/2024:20:52:51 +0000] "POST /api/v1/product/create-product HTTP/1.1" 400 401 "-" "PostmanRuntime/7.36.0"
::1 - - [03/Jan/2024:20:54:08 +0000] "POST /api/v1/product/create-product HTTP/1.1" 400 401 "-" "PostmanRuntime/7.36.0"
::1 - - [03/Jan/2024:20:55:48 +0000] "POST /api/v1/product/create-product HTTP/1.1" 500 1357 "-" "PostmanRuntime/7.36.0"
::1 - - [03/Jan/2024:20:57:06 +0000] "POST /api/v1/product/create-product HTTP/1.1" 500 1357 "-" "PostmanRuntime/7.36.0"
::1 - - [03/Jan/2024:20:57:26 +0000] "POST /api/v1/product/create-product HTTP/1.1" 500 1357 "-" "PostmanRuntime/7.36.0"
::1 - - [03/Jan/2024:20:59:35 +0000] "POST /api/v1/product/create-product HTTP/1.1" 201 733 "-" "PostmanRuntime/7.36.0"
::1 - - [03/Jan/2024:21:00:55 +0000] "GET /public/uploads/products/1704315575307-403632720_737333381627641_256267-2569369701473_n.png HTTP/1.1" 200 60956 "-" "Mozilla/5.0 (Windows NT 10.0; Win64; x64) AppleWebKit/537.36 (KHTML, like Gecko) Chrome/120.0.0.0 Safari/537.36"
::1 - - [03/Jan/2024:21:00:55 +0000] "GET /favicon.ico HTTP/1.1" 404 1404 "http://localhost:8000/public/uploads/products/1704315575307-403632720_737333381627641_256267-2569369701473_n.png" "Mozilla/5.0 (Windows NT 10.0; Win64; x64) AppleWebKit/537.36 (KHTML, like Gecko) Chrome/120.0.0.0 Safari/537.36"
::1 - - [04/Jan/2024:13:50:39 +0000] "POST /api/v1/product/create-product HTTP/1.1" 500 1141 "-" "PostmanRuntime/7.36.0"
::1 - - [04/Jan/2024:13:52:46 +0000] "POST /api/v1/product/create-product HTTP/1.1" 500 1141 "-" "PostmanRuntime/7.36.0"
::1 - - [04/Jan/2024:13:53:16 +0000] "POST /api/v1/product/create-product HTTP/1.1" 500 1141 "-" "PostmanRuntime/7.36.0"
::1 - - [04/Jan/2024:13:53:57 +0000] "POST /api/v1/product/create-product HTTP/1.1" 500 1141 "-" "PostmanRuntime/7.36.0"
::1 - - [04/Jan/2024:13:54:04 +0000] "POST /api/v1/product/create-product HTTP/1.1" 201 596 "-" "PostmanRuntime/7.36.0"
::1 - - [04/Jan/2024:13:54:39 +0000] "POST /api/v1/product/create-product HTTP/1.1" 500 1141 "-" "PostmanRuntime/7.36.0"
::1 - - [04/Jan/2024:13:56:15 +0000] "POST /api/v1/product/create-product HTTP/1.1" 201 651 "-" "PostmanRuntime/7.36.0"
::1 - - [04/Jan/2024:13:57:19 +0000] "POST /api/v1/product/create-product HTTP/1.1" 500 1307 "-" "PostmanRuntime/7.36.0"
::1 - - [04/Jan/2024:13:57:43 +0000] "POST /api/v1/product/create-product HTTP/1.1" 201 923 "-" "PostmanRuntime/7.36.0"
::1 - - [04/Jan/2024:13:58:39 +0000] "POST /api/v1/product/create-product HTTP/1.1" 500 1327 "-" "PostmanRuntime/7.36.0"
::1 - - [04/Jan/2024:13:59:01 +0000] "POST /api/v1/product/create-product HTTP/1.1" 201 580 "-" "PostmanRuntime/7.36.0"
::1 - - [04/Jan/2024:14:20:04 +0000] "POST /api/v1/product/create-product HTTP/1.1" 201 779 "-" "PostmanRuntime/7.36.0"
::1 - - [04/Jan/2024:14:23:03 +0000] "POST /api/v1/product/create-product HTTP/1.1" 500 660 "-" "PostmanRuntime/7.36.0"
::1 - - [04/Jan/2024:14:42:32 +0000] "POST /api/v1/product/create-product HTTP/1.1" 400 419 "-" "PostmanRuntime/7.36.0"
::1 - - [04/Jan/2024:14:43:51 +0000] "POST /api/v1/product/create-product HTTP/1.1" 400 419 "-" "PostmanRuntime/7.36.0"
::1 - - [04/Jan/2024:14:51:17 +0000] "POST /api/v1/product/create-product HTTP/1.1" 400 419 "-" "PostmanRuntime/7.36.0"
::1 - - [04/Jan/2024:14:52:25 +0000] "POST /api/v1/product/create-product HTTP/1.1" 400 419 "-" "PostmanRuntime/7.36.0"
::1 - - [04/Jan/2024:14:53:20 +0000] "POST /api/v1/product/create-product HTTP/1.1" 400 419 "-" "PostmanRuntime/7.36.0"
::1 - - [04/Jan/2024:14:57:09 +0000] "POST /api/v1/product/create-product HTTP/1.1" 400 419 "-" "PostmanRuntime/7.36.0"
::1 - - [04/Jan/2024:14:57:44 +0000] "POST /api/v1/product/create-product HTTP/1.1" 400 419 "-" "PostmanRuntime/7.36.0"
::1 - - [04/Jan/2024:15:20:20 +0000] "POST /api/v1/product/create-product HTTP/1.1" 400 419 "-" "PostmanRuntime/7.36.0"
::1 - - [04/Jan/2024:15:21:11 +0000] "POST /api/v1/product/create-product HTTP/1.1" 201 779 "-" "PostmanRuntime/7.36.0"
::1 - - [05/Jan/2024:02:10:30 +0000] "POST /api/v1/product/create-product HTTP/1.1" 400 419 "-" "PostmanRuntime/7.36.0"
::1 - - [05/Jan/2024:02:10:45 +0000] "POST /api/v1/product/create-product HTTP/1.1" 400 419 "-" "PostmanRuntime/7.36.0"
::1 - - [05/Jan/2024:02:11:25 +0000] "POST /api/v1/product/create-product HTTP/1.1" 500 1327 "-" "PostmanRuntime/7.36.0"
::1 - - [05/Jan/2024:02:11:43 +0000] "POST /api/v1/product/create-product HTTP/1.1" 400 419 "-" "PostmanRuntime/7.36.0"
::1 - - [05/Jan/2024:02:12:00 +0000] "POST /api/v1/product/create-product HTTP/1.1" 201 1052 "-" "PostmanRuntime/7.36.0"
::1 - - [05/Jan/2024:02:43:10 +0000] "POST /api/v1/product/create-product HTTP/1.1" 500 929 "-" "PostmanRuntime/7.36.0"
::1 - - [05/Jan/2024:02:45:16 +0000] "POST /api/v1/product/create-product HTTP/1.1" 500 929 "-" "PostmanRuntime/7.36.0"
::1 - - [05/Jan/2024:02:46:46 +0000] "PUT /api/v1/product/update-product HTTP/1.1" 400 420 "-" "PostmanRuntime/7.36.0"
::1 - - [05/Jan/2024:02:47:17 +0000] "PUT /api/v1/product/update-product HTTP/1.1" 400 420 "-" "PostmanRuntime/7.36.0"
::1 - - [05/Jan/2024:02:49:52 +0000] "PUT /api/v1/product/update-product HTTP/1.1" 200 56 "-" "PostmanRuntime/7.36.0"
::1 - - [05/Jan/2024:02:52:49 +0000] "PUT /api/v1/product/update-product HTTP/1.1" 400 420 "-" "PostmanRuntime/7.36.0"
::1 - - [05/Jan/2024:02:55:22 +0000] "PUT /api/v1/product/update-product HTTP/1.1" 200 794 "-" "PostmanRuntime/7.36.0"
::1 - - [05/Jan/2024:02:59:04 +0000] "PUT /api/v1/product/update-product HTTP/1.1" 400 420 "-" "PostmanRuntime/7.36.0"
::1 - - [05/Jan/2024:02:59:15 +0000] "PUT /api/v1/product/update-product HTTP/1.1" 200 748 "-" "PostmanRuntime/7.36.0"
::1 - - [05/Jan/2024:03:27:38 +0000] "PUT /api/v1/product/update-product HTTP/1.1" 404 396 "-" "PostmanRuntime/7.36.0"
::1 - - [05/Jan/2024:03:28:33 +0000] "PUT /api/v1/product/update-product HTTP/1.1" 404 396 "-" "PostmanRuntime/7.36.0"
::1 - - [05/Jan/2024:03:28:46 +0000] "PUT /api/v1/product/update-product HTTP/1.1" 200 578 "-" "PostmanRuntime/7.36.0"
::1 - - [05/Jan/2024:03:35:17 +0000] "PUT /api/v1/product/update-product HTTP/1.1" 400 420 "-" "PostmanRuntime/7.36.0"
::1 - - [05/Jan/2024:03:35:31 +0000] "PUT /api/v1/product/update-product HTTP/1.1" 200 634 "-" "PostmanRuntime/7.36.0"
::1 - - [05/Jan/2024:03:35:47 +0000] "PUT /api/v1/product/update-product HTTP/1.1" 200 632 "-" "PostmanRuntime/7.36.0"
::1 - - [05/Jan/2024:03:37:57 +0000] "PUT /api/v1/product/update-product HTTP/1.1" 200 635 "-" "PostmanRuntime/7.36.0"
::1 - - [05/Jan/2024:03:39:52 +0000] "PUT /api/v1/product/update-product HTTP/1.1" 400 420 "-" "PostmanRuntime/7.36.0"
::1 - - [05/Jan/2024:03:40:04 +0000] "PUT /api/v1/product/update-product HTTP/1.1" 200 631 "-" "PostmanRuntime/7.36.0"
::1 - - [05/Jan/2024:03:41:18 +0000] "PUT /api/v1/product/update-product HTTP/1.1" 400 420 "-" "PostmanRuntime/7.36.0"
::1 - - [05/Jan/2024:03:42:00 +0000] "PUT /api/v1/product/update-product HTTP/1.1" 200 633 "-" "PostmanRuntime/7.36.0"
::1 - - [05/Jan/2024:03:43:35 +0000] "PUT /api/v1/product/update-product HTTP/1.1" 400 420 "-" "PostmanRuntime/7.36.0"
::1 - - [05/Jan/2024:03:43:52 +0000] "PUT /api/v1/product/update-product HTTP/1.1" 200 635 "-" "PostmanRuntime/7.36.0"
::1 - - [05/Jan/2024:03:44:54 +0000] "PUT /api/v1/product/update-product HTTP/1.1" 400 420 "-" "PostmanRuntime/7.36.0"
::1 - - [05/Jan/2024:03:45:01 +0000] "PUT /api/v1/product/update-product HTTP/1.1" 200 631 "-" "PostmanRuntime/7.36.0"
::1 - - [05/Jan/2024:03:48:02 +0000] "POST /api/v1/product/create-product HTTP/1.1" 201 689 "-" "PostmanRuntime/7.36.0"
::1 - - [05/Jan/2024:03:50:11 +0000] "POST /api/v1/product/create-product HTTP/1.1" 201 689 "-" "PostmanRuntime/7.36.0"
::1 - - [05/Jan/2024:03:50:38 +0000] "POST /api/v1/product/create-product HTTP/1.1" 201 784 "-" "PostmanRuntime/7.36.0"
::1 - - [05/Jan/2024:03:53:00 +0000] "PUT /api/v1/product/update-product HTTP/1.1" 200 787 "-" "PostmanRuntime/7.36.0"
::1 - - [05/Jan/2024:03:54:38 +0000] "PUT /api/v1/product/update-product HTTP/1.1" 400 420 "-" "PostmanRuntime/7.36.0"
::1 - - [05/Jan/2024:03:54:57 +0000] "PUT /api/v1/product/update-product HTTP/1.1" 200 758 "-" "PostmanRuntime/7.36.0"
::1 - - [05/Jan/2024:03:59:04 +0000] "PUT /api/v1/product/update-product HTTP/1.1" 400 420 "-" "PostmanRuntime/7.36.0"
::1 - - [05/Jan/2024:03:59:35 +0000] "PUT /api/v1/product/update-product HTTP/1.1" 200 760 "-" "PostmanRuntime/7.36.0"
::1 - - [05/Jan/2024:04:00:04 +0000] "POST /api/v1/product/create-product HTTP/1.1" 201 784 "-" "PostmanRuntime/7.36.0"
::1 - - [05/Jan/2024:04:01:08 +0000] "PUT /api/v1/product/update-product HTTP/1.1" 404 396 "-" "PostmanRuntime/7.36.0"
::1 - - [05/Jan/2024:04:01:28 +0000] "PUT /api/v1/product/update-product HTTP/1.1" 200 760 "-" "PostmanRuntime/7.36.0"
::1 - - [05/Jan/2024:04:03:46 +0000] "POST /api/v1/product/create-product HTTP/1.1" 201 784 "-" "PostmanRuntime/7.36.0"
::1 - - [05/Jan/2024:04:04:07 +0000] "PUT /api/v1/product/update-product HTTP/1.1" 200 760 "-" "PostmanRuntime/7.36.0"
::1 - - [05/Jan/2024:04:08:48 +0000] "PUT /api/v1/product/update-product HTTP/1.1" 200 840 "-" "PostmanRuntime/7.36.0"
::1 - - [05/Jan/2024:04:10:14 +0000] "PUT /api/v1/product/update-product HTTP/1.1" 400 420 "-" "PostmanRuntime/7.36.0"
::1 - - [05/Jan/2024:04:10:39 +0000] "PUT /api/v1/product/update-product HTTP/1.1" 200 860 "-" "PostmanRuntime/7.36.0"
::1 - - [05/Jan/2024:04:12:09 +0000] "PUT /api/v1/product/update-product HTTP/1.1" 500 1302 "-" "PostmanRuntime/7.36.0"
::1 - - [05/Jan/2024:04:13:02 +0000] "PUT /api/v1/product/update-product HTTP/1.1" 200 725 "-" "PostmanRuntime/7.36.0"
::1 - - [05/Jan/2024:04:15:12 +0000] "POST /api/v1/category/create-category HTTP/1.1" 201 216 "-" "PostmanRuntime/7.36.0"
::1 - - [05/Jan/2024:04:16:50 +0000] "POST /api/v1/product/create-product HTTP/1.1" 201 632 "-" "PostmanRuntime/7.36.0"
::1 - - [05/Jan/2024:04:20:01 +0000] "PUT /api/v1/product/update-product HTTP/1.1" 200 577 "-" "PostmanRuntime/7.36.0"
::1 - - [05/Jan/2024:04:46:07 +0000] "PUT /api/v1/product/update-product HTTP/1.1" 200 577 "-" "PostmanRuntime/7.36.0"
::1 - - [05/Jan/2024:04:48:03 +0000] "PUT /api/v1/product/update-product HTTP/1.1" 200 733 "-" "PostmanRuntime/7.36.0"
::1 - - [05/Jan/2024:04:48:39 +0000] "PUT /api/v1/product/update-product HTTP/1.1" 200 733 "-" "PostmanRuntime/7.36.0"
::1 - - [05/Jan/2024:04:56:45 +0000] "POST /api/v1/product/create-product HTTP/1.1" 201 622 "-" "PostmanRuntime/7.36.0"
::1 - - [05/Jan/2024:04:58:25 +0000] "DELETE /api/v1/product/delete-product/65978c0d2f50c5bac783a0f0 HTTP/1.1" 500 579 "-" "PostmanRuntime/7.36.0"
::1 - - [05/Jan/2024:05:01:03 +0000] "POST /api/v1/product/create-product HTTP/1.1" 201 622 "-" "PostmanRuntime/7.36.0"
::1 - - [05/Jan/2024:05:01:14 +0000] "DELETE /api/v1/product/delete-product/65978d0f70477cba24127b14 HTTP/1.1" 200 56 "-" "PostmanRuntime/7.36.0"
::1 - - [05/Jan/2024:05:01:23 +0000] "POST /api/v1/product/create-product HTTP/1.1" 201 622 "-" "PostmanRuntime/7.36.0"
::1 - - [05/Jan/2024:05:01:35 +0000] "DELETE /api/v1/product/delete-product/65978d2370477cba24127b1b HTTP/1.1" 200 56 "-" "PostmanRuntime/7.36.0"
::1 - - [05/Jan/2024:05:02:00 +0000] "DELETE /api/v1/product/delete-product/65978d2370477cba24127b1v HTTP/1.1" 404 1578 "-" "PostmanRuntime/7.36.0"
::1 - - [05/Jan/2024:05:02:08 +0000] "DELETE /api/v1/product/delete-product/65978d2370477cba24127b1b HTTP/1.1" 404 400 "-" "PostmanRuntime/7.36.0"
::1 - - [05/Jan/2024:05:07:17 +0000] "DELETE /api/v1/product/single-product/65978d2370477cba24127b1b HTTP/1.1" 404 1543 "-" "PostmanRuntime/7.36.0"
::1 - - [05/Jan/2024:05:07:25 +0000] "GET /api/v1/product/single-product/65978d2370477cba24127b1b HTTP/1.1" 404 400 "-" "PostmanRuntime/7.36.0"
::1 - - [05/Jan/2024:05:08:15 +0000] "GET /api/v1/product/single-product/65977fa284728769e0bf74ef HTTP/1.1" 200 678 "-" "PostmanRuntime/7.36.0"
::1 - - [05/Jan/2024:05:09:52 +0000] "GET /api/v1/product/single-product/nokia-7-mobile-brand-new HTTP/1.1" 200 678 "-" "PostmanRuntime/7.36.0"
::1 - - [05/Jan/2024:05:09:57 +0000] "GET /api/v1/product/single-product/nokia-7-mobile-brand-ne HTTP/1.1" 404 400 "-" "PostmanRuntime/7.36.0"
::1 - - [05/Jan/2024:05:10:01 +0000] "GET /api/v1/product/single-product/nokia-7-mobile-brand-new HTTP/1.1" 200 678 "-" "PostmanRuntime/7.36.0"
::1 - - [05/Jan/2024:05:11:06 +0000] "GET /api/v1/product/single-product/nokia-7-mobile-brand-new HTTP/1.1" 200 808 "-" "PostmanRuntime/7.36.0"
::1 - - [05/Jan/2024:05:49:28 +0000] "POST /api/v1/product/create-product HTTP/1.1" 201 707 "-" "PostmanRuntime/7.36.0"
::1 - - [05/Jan/2024:05:50:08 +0000] "GET /api/v1/product/all-product HTTP/1.1" 404 1487 "-" "PostmanRuntime/7.36.0"
::1 - - [05/Jan/2024:05:50:26 +0000] "GET /api/v1/product/all-products HTTP/1.1" 200 1628 "-" "PostmanRuntime/7.36.0"
::1 - - [05/Jan/2024:05:52:05 +0000] "GET /api/v1/product/all-products?limit=1 HTTP/1.1" 200 858 "-" "PostmanRuntime/7.36.0"
::1 - - [05/Jan/2024:05:52:37 +0000] "GET /api/v1/product/all-products?page=2 HTTP/1.1" 200 77 "-" "PostmanRuntime/7.36.0"
::1 - - [05/Jan/2024:05:55:15 +0000] "GET /api/v1/product/all-products?page=2 HTTP/1.1" 200 123 "-" "PostmanRuntime/7.36.0"
::1 - - [05/Jan/2024:05:55:22 +0000] "GET /api/v1/product/all-products HTTP/1.1" 200 1674 "-" "PostmanRuntime/7.36.0"
::1 - - [05/Jan/2024:05:56:50 +0000] "POST /api/v1/subcategory/create-subcategory HTTP/1.1" 201 264 "-" "PostmanRuntime/7.36.0"
::1 - - [05/Jan/2024:05:58:24 +0000] "PUT /api/v1/product/update-product HTTP/1.1" 404 396 "-" "PostmanRuntime/7.36.0"
::1 - - [05/Jan/2024:05:58:52 +0000] "PUT /api/v1/product/update-product HTTP/1.1" 200 766 "-" "PostmanRuntime/7.36.0"
::1 - - [05/Jan/2024:06:04:30 +0000] "PUT /api/v1/product/update-product HTTP/1.1" 200 877 "-" "PostmanRuntime/7.36.0"
::1 - - [05/Jan/2024:06:05:02 +0000] "GET /api/v1/product/all-products HTTP/1.1" 200 2002 "-" "PostmanRuntime/7.36.0"
::1 - - [05/Jan/2024:06:08:30 +0000] "PUT /api/v1/product/update-product HTTP/1.1" 200 877 "-" "PostmanRuntime/7.36.0"
::1 - - [05/Jan/2024:06:09:16 +0000] "PUT /api/v1/product/update-product HTTP/1.1" 200 877 "-" "PostmanRuntime/7.36.0"
::1 - - [05/Jan/2024:06:11:02 +0000] "GET /api/v1/product/all-products HTTP/1.1" 200 2002 "-" "PostmanRuntime/7.36.0"
::1 - - [05/Jan/2024:06:13:26 +0000] "POST /api/v1/product/create-product HTTP/1.1" 400 419 "-" "PostmanRuntime/7.36.0"
::1 - - [05/Jan/2024:06:13:41 +0000] "GET /api/v1/product/all-products HTTP/1.1" 200 2016 "-" "PostmanRuntime/7.36.0"
::1 - - [05/Jan/2024:06:36:45 +0000] "GET /api/v1/product/all-products?search=laptop HTTP/1.1" 404 1553 "-" "PostmanRuntime/7.36.0"
::1 - - [05/Jan/2024:06:37:05 +0000] "GET /api/v1/product/all-products HTTP/1.1" 404 1553 "-" "PostmanRuntime/7.36.0"
::1 - - [05/Jan/2024:06:37:12 +0000] "GET /api/v1/product/all-products HTTP/1.1" 404 1553 "-" "PostmanRuntime/7.36.0"
::1 - - [05/Jan/2024:06:38:21 +0000] "GET /api/v1/product/all-products HTTP/1.1" 200 2031 "-" "PostmanRuntime/7.36.0"
::1 - - [05/Jan/2024:06:38:27 +0000] "GET /api/v1/product/all-products?search=laptop HTTP/1.1" 200 927 "-" "PostmanRuntime/7.36.0"
::1 - - [05/Jan/2024:06:38:36 +0000] "GET /api/v1/product/all-products HTTP/1.1" 200 2031 "-" "PostmanRuntime/7.36.0"
::1 - - [05/Jan/2024:06:39:14 +0000] "GET /api/v1/product/all-products?search=MObile HTTP/1.1" 200 1255 "-" "PostmanRuntime/7.36.0"
::1 - - [05/Jan/2024:06:41:05 +0000] "GET /api/v1/product/all-products?category=electronics HTTP/1.1" 404 1559 "-" "PostmanRuntime/7.36.0"
::1 - - [05/Jan/2024:06:41:11 +0000] "GET /api/v1/product/all-products HTTP/1.1" 404 1559 "-" "PostmanRuntime/7.36.0"
::1 - - [05/Jan/2024:06:44:11 +0000] "GET /api/v1/product/all-products HTTP/1.1" 200 2031 "-" "PostmanRuntime/7.36.0"
::1 - - [05/Jan/2024:06:44:17 +0000] "GET /api/v1/product/all-products?category=electronics HTTP/1.1" 404 1567 "-" "PostmanRuntime/7.36.0"
::1 - - [05/Jan/2024:06:46:32 +0000] "GET /api/v1/product/all-products?category=electronics HTTP/1.1" 404 1567 "-" "PostmanRuntime/7.36.0"
::1 - - [05/Jan/2024:06:49:27 +0000] "GET /api/v1/product/all-products?category=6592de53b353ee3f3ad77bc0 HTTP/1.1" 200 2031 "-" "PostmanRuntime/7.36.0"
::1 - - [05/Jan/2024:06:49:41 +0000] "GET /api/v1/product/all-products?category=65978250f6d58c96b7cc1d67 HTTP/1.1" 404 400 "-" "PostmanRuntime/7.36.0"
::1 - - [05/Jan/2024:06:49:53 +0000] "GET /api/v1/product/all-products?category=6592de53b353ee3f3ad77bc0 HTTP/1.1" 200 2031 "-" "PostmanRuntime/7.36.0"
::1 - - [05/Jan/2024:06:50:11 +0000] "GET /api/v1/product/all-products?category=65979a22c368d8292da62338 HTTP/1.1" 404 400 "-" "PostmanRuntime/7.36.0"
::1 - - [05/Jan/2024:06:50:33 +0000] "GET /api/v1/product/all-products?category=6592de53b353ee3f3ad77bc0&subcategory=65979a22c368d8292da62338 HTTP/1.1" 200 1255 "-" "PostmanRuntime/7.36.0"
::1 - - [05/Jan/2024:06:50:41 +0000] "GET /api/v1/product/all-products?subcategory=65979a22c368d8292da62338 HTTP/1.1" 200 1255 "-" "PostmanRuntime/7.36.0"
::1 - - [05/Jan/2024:06:50:49 +0000] "GET /api/v1/product/all-products?search=MObile&category=6592de53b353ee3f3ad77bc0&subcategory=65979a22c368d8292da62338 HTTP/1.1" 200 1255 "-" "PostmanRuntime/7.36.0"
::1 - - [05/Jan/2024:09:15:24 +0000] "POST /api/v1/subcategory/create-subcategory HTTP/1.1" 201 264 "-" "PostmanRuntime/7.36.0"
::1 - - [05/Jan/2024:09:16:06 +0000] "POST /api/v1/product/create-product HTTP/1.1" 500 645 "-" "PostmanRuntime/7.36.0"
::1 - - [05/Jan/2024:09:16:52 +0000] "POST /api/v1/product/create-product HTTP/1.1" 500 645 "-" "PostmanRuntime/7.36.0"
::1 - - [05/Jan/2024:09:18:12 +0000] "POST /api/v1/product/create-product HTTP/1.1" 500 645 "-" "PostmanRuntime/7.36.0"
::1 - - [05/Jan/2024:09:18:26 +0000] "POST /api/v1/product/create-product HTTP/1.1" 201 531 "-" "PostmanRuntime/7.36.0"
::1 - - [05/Jan/2024:09:21:50 +0000] "POST /api/v1/product/create-product HTTP/1.1" 500 645 "-" "PostmanRuntime/7.36.0"
::1 - - [05/Jan/2024:09:22:37 +0000] "POST /api/v1/product/create-product HTTP/1.1" 500 645 "-" "PostmanRuntime/7.36.0"
::1 - - [05/Jan/2024:09:25:45 +0000] "POST /api/v1/product/create-product HTTP/1.1" 201 549 "-" "PostmanRuntime/7.36.0"
::1 - - [05/Jan/2024:09:26:29 +0000] "POST /api/v1/product/create-product HTTP/1.1" 201 581 "-" "PostmanRuntime/7.36.0"
::1 - - [05/Jan/2024:09:30:58 +0000] "PUT /api/v1/product/update-product HTTP/1.1" 200 642 "-" "PostmanRuntime/7.36.0"
::1 - - [05/Jan/2024:09:33:18 +0000] "POST /api/v1/product/create-product HTTP/1.1" 201 589 "-" "PostmanRuntime/7.36.0"
::1 - - [05/Jan/2024:09:45:24 +0000] "PUT /api/v1/product/update-product HTTP/1.1" 200 650 "-" "PostmanRuntime/7.36.0"
::1 - - [05/Jan/2024:09:47:31 +0000] "PUT /api/v1/product/update-product HTTP/1.1" 400 420 "-" "PostmanRuntime/7.36.0"
::1 - - [05/Jan/2024:09:47:37 +0000] "PUT /api/v1/product/update-product HTTP/1.1" 200 650 "-" "PostmanRuntime/7.36.0"
::1 - - [05/Jan/2024:09:49:29 +0000] "PUT /api/v1/product/update-product HTTP/1.1" 200 650 "-" "PostmanRuntime/7.36.0"
::1 - - [05/Jan/2024:09:52:41 +0000] "PUT /api/v1/product/update-product HTTP/1.1" 200 650 "-" "PostmanRuntime/7.36.0"
::1 - - [05/Jan/2024:09:53:50 +0000] "PUT /api/v1/product/update-product HTTP/1.1" 200 650 "-" "PostmanRuntime/7.36.0"
::1 - - [05/Jan/2024:09:54:00 +0000] "PUT /api/v1/product/update-product HTTP/1.1" 400 420 "-" "PostmanRuntime/7.36.0"
::1 - - [05/Jan/2024:09:55:00 +0000] "DELETE /api/v1/product/delete-product/6597ccde7012cf4a9c923215 HTTP/1.1" 200 56 "-" "PostmanRuntime/7.36.0"
::1 - - [05/Jan/2024:09:55:29 +0000] "DELETE /api/v1/product/delete-product/6597ccde7012cf4a9c923215 HTTP/1.1" 404 400 "-" "PostmanRuntime/7.36.0"
::1 - - [05/Jan/2024:09:55:32 +0000] "DELETE /api/v1/product/delete-product/6597ccde7012cf4a9c923215 HTTP/1.1" 404 400 "-" "PostmanRuntime/7.36.0"
::1 - - [05/Jan/2024:09:56:04 +0000] "POST /api/v1/product/create-product HTTP/1.1" 201 589 "-" "PostmanRuntime/7.36.0"
::1 - - [05/Jan/2024:09:56:44 +0000] "POST /api/v1/product/create-product HTTP/1.1" 201 644 "-" "PostmanRuntime/7.36.0"
::1 - - [05/Jan/2024:10:04:06 +0000] "PUT /api/v1/product/update-product HTTP/1.1" 200 650 "-" "PostmanRuntime/7.36.0"
::1 - - [05/Jan/2024:10:46:24 +0000] "PUT /api/v1/product/update-product HTTP/1.1" 200 650 "-" "PostmanRuntime/7.36.0"
::1 - - [05/Jan/2024:10:47:29 +0000] "DELETE /api/v1/banner/delete-banner/6595328141508e88e2ed7048 HTTP/1.1" 404 392 "-" "PostmanRuntime/7.36.0"
::1 - - [05/Jan/2024:10:47:49 +0000] "DELETE /api/v1/banner/delete-banner/659541a108dcb7e4a741772b HTTP/1.1" 201 56 "-" "PostmanRuntime/7.36.0"
::1 - - [05/Jan/2024:10:48:41 +0000] "POST /api/v1/banner/create-banner HTTP/1.1" 400 1277 "-" "PostmanRuntime/7.36.0"
::1 - - [05/Jan/2024:10:49:12 +0000] "POST /api/v1/banner/create-banner HTTP/1.1" 500 725 "-" "PostmanRuntime/7.36.0"
::1 - - [05/Jan/2024:10:49:39 +0000] "POST /api/v1/banner/create-banner HTTP/1.1" 201 239 "-" "PostmanRuntime/7.36.0"
::1 - - [05/Jan/2024:10:55:34 +0000] "DELETE /api/v1/banner/delete-banner/6597dec3256a2bada0ce3adf HTTP/1.1" 201 56 "-" "PostmanRuntime/7.36.0"
::1 - - [05/Jan/2024:10:56:56 +0000] "POST /api/v1/banner/create-banner HTTP/1.1" 201 239 "-" "PostmanRuntime/7.36.0"
::1 - - [05/Jan/2024:10:58:47 +0000] "DELETE /api/v1/banner/delete-banner/6597e078055852831a096f73 HTTP/1.1" 201 56 "-" "PostmanRuntime/7.36.0"
::1 - - [05/Jan/2024:10:58:55 +0000] "POST /api/v1/banner/create-banner HTTP/1.1" 400 400 "-" "PostmanRuntime/7.36.0"
::1 - - [05/Jan/2024:10:59:21 +0000] "POST /api/v1/banner/create-banner HTTP/1.1" 201 277 "-" "PostmanRuntime/7.36.0"
