::1 - - [01/Feb/2024:07:15:09 +0000] "GET /api/v1/user/refresh HTTP/1.1" 400 65 "-" "node"
::1 - - [01/Feb/2024:07:15:09 +0000] "GET /api/v1/user/me HTTP/1.1" 400 65 "-" "node"
::1 - - [01/Feb/2024:07:15:09 +0000] "GET /api/v1/product/sold-product HTTP/1.1" 200 13920 "-" "node"
::1 - - [01/Feb/2024:07:15:09 +0000] "GET /api/v1/review/get-customer-review HTTP/1.1" 201 571 "-" "node"
::1 - - [01/Feb/2024:07:15:09 +0000] "GET /api/v1/banner/get-all-banners?bannerType=topBanner HTTP/1.1" 201 190 "-" "node"
::1 - - [01/Feb/2024:07:15:10 +0000] "GET /api/v1/product/all-products HTTP/1.1" 200 14406 "-" "node"
::1 - - [01/Feb/2024:07:15:13 +0000] "GET /public/uploads/banners/1705713550491-banner-top2.png HTTP/1.1" 200 897 "-" "node"
::1 - - [01/Feb/2024:07:15:13 +0000] "GET /public/uploads/products/1705717607198-product-green.png HTTP/1.1" 200 9569 "-" "node"
::1 - - [01/Feb/2024:07:15:13 +0000] "GET /public/uploads/products/1706366570461-product-skyblue.png HTTP/1.1" 200 8317 "-" "node"
::1 - - [01/Feb/2024:07:15:13 +0000] "GET /public/uploads/products/1705717521573-product-green.png HTTP/1.1" 200 9569 "-" "node"
::1 - - [01/Feb/2024:07:15:13 +0000] "GET /public/uploads/products/1705715414100-product-grey.png HTTP/1.1" 200 9506 "-" "node"
::1 - - [01/Feb/2024:07:15:15 +0000] "GET /public/uploads/products/1705715838498-product-green.png HTTP/1.1" 200 9569 "-" "node"
::1 - - [01/Feb/2024:07:15:15 +0000] "GET /public/uploads/products/1705717457753-product-green.png HTTP/1.1" 200 9569 "-" "node"
::1 - - [01/Feb/2024:07:15:15 +0000] "GET /public/uploads/products/1705715691023-product-skyblue.png HTTP/1.1" 200 8317 "-" "node"
::1 - - [01/Feb/2024:07:15:15 +0000] "GET /public/uploads/products/1705717166573-product-blue.png HTTP/1.1" 200 9606 "-" "node"
::1 - - [01/Feb/2024:07:15:15 +0000] "GET /public/uploads/products/1705715176779-product-grey.png HTTP/1.1" 200 9506 "-" "node"
::1 - - [01/Feb/2024:07:15:15 +0000] "GET /public/uploads/products/1705715630247-1704468990890-khejur-3.png HTTP/1.1" 200 7227 "-" "node"
::1 - - [01/Feb/2024:07:15:15 +0000] "GET /public/uploads/customerReview/1705717954751-customer-review-image.png HTTP/1.1" 200 6107 "-" "node"
::1 - - [01/Feb/2024:07:15:15 +0000] "GET /public/uploads/customerReview/1705717957683-customer-review-image.png HTTP/1.1" 200 6107 "-" "node"
::1 - - [01/Feb/2024:07:15:15 +0000] "GET /public/uploads/customerReview/1705717959640-customer-review-image.png HTTP/1.1" 200 6107 "-" "node"
::1 - - [01/Feb/2024:07:15:15 +0000] "GET /public/uploads/customerReview/1705717961465-customer-review-image.png HTTP/1.1" 200 6107 "-" "node"
::1 - - [01/Feb/2024:07:15:15 +0000] "GET /public/uploads/products/1705717299010-product-green.png HTTP/1.1" 200 9569 "-" "node"
::1 - - [01/Feb/2024:07:15:15 +0000] "GET /api/v1/user/refresh HTTP/1.1" 200 205 "http://localhost:3000/" "Mozilla/5.0 (Windows NT 10.0; Win64; x64) AppleWebKit/537.36 (KHTML, like Gecko) Chrome/121.0.0.0 Safari/537.36"
::1 - - [01/Feb/2024:07:15:16 +0000] "GET /api/v1/user/me HTTP/1.1" 304 - "http://localhost:3000/" "Mozilla/5.0 (Windows NT 10.0; Win64; x64) AppleWebKit/537.36 (KHTML, like Gecko) Chrome/121.0.0.0 Safari/537.36"
::1 - - [01/Feb/2024:07:15:16 +0000] "GET /public/uploads/users/1705718561706-120926404_413898222929480_2254540235409040586_n.jpg HTTP/1.1" 200 262400 "-" "node"
::1 - - [01/Feb/2024:07:15:16 +0000] "GET /api/v1/category/category-subcategory HTTP/1.1" 304 - "http://localhost:3000/" "Mozilla/5.0 (Windows NT 10.0; Win64; x64) AppleWebKit/537.36 (KHTML, like Gecko) Chrome/121.0.0.0 Safari/537.36"
::1 - - [01/Feb/2024:07:15:17 +0000] "GET /api/v1/cart/get-cart HTTP/1.1" 304 - "http://localhost:3000/" "Mozilla/5.0 (Windows NT 10.0; Win64; x64) AppleWebKit/537.36 (KHTML, like Gecko) Chrome/121.0.0.0 Safari/537.36"
::1 - - [01/Feb/2024:07:15:17 +0000] "GET /api/v1/banner/get-all-banners?bannerType=mainBanner HTTP/1.1" 201 814 "http://localhost:3000/" "Mozilla/5.0 (Windows NT 10.0; Win64; x64) AppleWebKit/537.36 (KHTML, like Gecko) Chrome/121.0.0.0 Safari/537.36"
::1 - - [01/Feb/2024:07:15:17 +0000] "GET /public/uploads/banners/1705713466469-75988a3e-1172-43d9-adbe-4ba4b144899a.jpg HTTP/1.1" 200 98989 "-" "node"
::1 - - [01/Feb/2024:07:15:17 +0000] "GET /public/uploads/banners/1705713474573-fc166abf-c154-406e-9342-ecd5e437b3e7.jpg HTTP/1.1" 200 121176 "-" "node"
::1 - - [01/Feb/2024:07:15:17 +0000] "GET /public/uploads/banners/1705713483221-9b19f152-e405-4b0b-8fe0-d1234d57eae9.jpg_1200x1200.jpg HTTP/1.1" 200 136456 "-" "node"
::1 - - [01/Feb/2024:07:15:17 +0000] "GET /public/uploads/banners/1705713511154-1000x340.png HTTP/1.1" 200 17895 "-" "node"
::1 - - [01/Feb/2024:07:15:17 +0000] "GET /public/uploads/banners/1705713500451-1000x320.png HTTP/1.1" 200 17883 "-" "node"
::1 - - [01/Feb/2024:07:15:17 +0000] "GET /api/v1/cart/updated-price HTTP/1.1" 304 - "http://localhost:3000/" "Mozilla/5.0 (Windows NT 10.0; Win64; x64) AppleWebKit/537.36 (KHTML, like Gecko) Chrome/121.0.0.0 Safari/537.36"
::1 - - [01/Feb/2024:07:17:28 +0000] "GET /api/v1/review/get-customer-review HTTP/1.1" 201 571 "-" "node"
::1 - - [01/Feb/2024:07:17:28 +0000] "GET /api/v1/product/sold-product HTTP/1.1" 200 13920 "-" "node"
::1 - - [01/Feb/2024:07:17:28 +0000] "GET /api/v1/banner/get-all-banners?bannerType=topBanner HTTP/1.1" 201 190 "-" "node"
::1 - - [01/Feb/2024:07:17:29 +0000] "GET /api/v1/product/all-products HTTP/1.1" 200 14406 "-" "node"
::1 - - [01/Feb/2024:07:18:09 +0000] "GET /api/v1/product/sold-product HTTP/1.1" 200 13920 "-" "node"
::1 - - [01/Feb/2024:07:18:09 +0000] "GET /api/v1/banner/get-all-banners?bannerType=topBanner HTTP/1.1" 201 190 "-" "node"
::1 - - [01/Feb/2024:07:18:09 +0000] "GET /api/v1/review/get-customer-review HTTP/1.1" 201 571 "-" "node"
::1 - - [01/Feb/2024:07:18:10 +0000] "GET /api/v1/product/all-products HTTP/1.1" 200 14406 "-" "node"
::1 - - [01/Feb/2024:07:18:32 +0000] "GET /api/v1/product/single-product/colmi-c81-bluetooth-calling-smart-watch HTTP/1.1" 200 3352 "-" "node"
::1 - - [01/Feb/2024:07:18:32 +0000] "GET /public/uploads/products/1705717166573-product-blue.png HTTP/1.1" 200 9606 "-" "node"
::1 - - [01/Feb/2024:07:18:32 +0000] "GET /public/uploads/products/1705717607199-product-light-green.png HTTP/1.1" 200 8728 "-" "node"
::1 - - [01/Feb/2024:07:18:32 +0000] "GET /public/uploads/products/1705717607198-product-green.png HTTP/1.1" 200 9569 "-" "node"
::1 - - [01/Feb/2024:07:18:32 +0000] "GET /public/uploads/products/1705717607200-product-grey.png HTTP/1.1" 200 9506 "-" "node"
::1 - - [01/Feb/2024:07:18:32 +0000] "GET /public/uploads/products/1705717299010-product-green.png HTTP/1.1" 200 9569 "-" "node"
::1 - - [01/Feb/2024:07:18:32 +0000] "GET /public/uploads/products/1705717457753-product-green.png HTTP/1.1" 200 9569 "-" "node"
::1 - - [01/Feb/2024:07:18:32 +0000] "GET /public/uploads/products/1706366570461-product-skyblue.png HTTP/1.1" 200 8317 "-" "node"
::1 - - [01/Feb/2024:07:18:32 +0000] "GET /public/uploads/products/1705717521573-product-green.png HTTP/1.1" 200 9569 "-" "node"
::1 - - [01/Feb/2024:07:18:33 +0000] "GET /api/v1/product/all-reviews?productId=65ab2f67100d3954c56e70b1&userId=65ab19112f61670e24026a14 HTTP/1.1" 304 - "http://localhost:3000/" "Mozilla/5.0 (Windows NT 10.0; Win64; x64) AppleWebKit/537.36 (KHTML, like Gecko) Chrome/121.0.0.0 Safari/537.36"
::1 - - [01/Feb/2024:07:18:33 +0000] "GET /public/uploads/users/1705718561706-120926404_413898222929480_2254540235409040586_n.jpg HTTP/1.1" 200 262400 "-" "node"
::1 - - [01/Feb/2024:08:18:46 +0000] "GET /api/v1/user/me HTTP/1.1" 400 65 "-" "node"
::1 - - [01/Feb/2024:08:18:46 +0000] "GET /api/v1/user/refresh HTTP/1.1" 400 65 "-" "node"
::1 - - [01/Feb/2024:08:18:46 +0000] "GET /api/v1/user/refresh HTTP/1.1" 400 65 "-" "node"
::1 - - [01/Feb/2024:08:18:46 +0000] "GET /api/v1/user/me HTTP/1.1" 400 65 "-" "node"
::1 - - [01/Feb/2024:08:18:46 +0000] "GET /api/v1/user/me HTTP/1.1" 400 65 "-" "node"
::1 - - [01/Feb/2024:08:18:46 +0000] "GET /api/v1/user/refresh HTTP/1.1" 400 65 "-" "node"
::1 - - [01/Feb/2024:08:18:46 +0000] "GET /api/v1/banner/get-all-banners?bannerType=topBanner HTTP/1.1" 201 190 "-" "node"
::1 - - [01/Feb/2024:08:18:47 +0000] "GET /api/v1/banner/get-all-banners?bannerType=topBanner HTTP/1.1" 201 190 "-" "node"
::1 - - [01/Feb/2024:08:18:47 +0000] "GET /api/v1/banner/get-all-banners?bannerType=topBanner HTTP/1.1" 201 190 "-" "node"
::1 - - [01/Feb/2024:08:18:47 +0000] "GET /api/v1/banner/get-all-banners?bannerType=topBanner HTTP/1.1" 201 190 "-" "node"
::1 - - [01/Feb/2024:08:18:47 +0000] "GET /api/v1/banner/get-all-banners?bannerType=topBanner HTTP/1.1" 201 190 "-" "node"
::1 - - [01/Feb/2024:08:18:48 +0000] "GET /api/v1/product/sold-product HTTP/1.1" 200 13920 "-" "node"
::1 - - [01/Feb/2024:08:18:48 +0000] "GET /api/v1/review/get-customer-review HTTP/1.1" 201 571 "-" "node"
::1 - - [01/Feb/2024:08:18:48 +0000] "GET /api/v1/banner/get-all-banners?bannerType=topBanner HTTP/1.1" 201 190 "-" "node"
::1 - - [01/Feb/2024:08:18:48 +0000] "GET /api/v1/banner/get-all-banners?bannerType=topBanner HTTP/1.1" 201 190 "-" "node"
::1 - - [01/Feb/2024:08:18:48 +0000] "GET /api/v1/review/get-customer-review HTTP/1.1" 201 571 "-" "node"
::1 - - [01/Feb/2024:08:18:48 +0000] "GET /api/v1/banner/get-all-banners?bannerType=topBanner HTTP/1.1" 201 190 "-" "node"
::1 - - [01/Feb/2024:08:18:48 +0000] "GET /api/v1/banner/get-all-banners?bannerType=topBanner HTTP/1.1" 201 190 "-" "node"
::1 - - [01/Feb/2024:08:18:48 +0000] "GET /api/v1/banner/get-all-banners?bannerType=topBanner HTTP/1.1" 201 190 "-" "node"
::1 - - [01/Feb/2024:08:18:48 +0000] "GET /api/v1/banner/get-all-banners?bannerType=topBanner HTTP/1.1" 201 190 "-" "node"
::1 - - [01/Feb/2024:08:18:49 +0000] "GET /api/v1/banner/get-all-banners?bannerType=topBanner HTTP/1.1" 201 190 "-" "node"
::1 - - [01/Feb/2024:08:18:49 +0000] "GET /api/v1/banner/get-all-banners?bannerType=topBanner HTTP/1.1" 201 190 "-" "node"
::1 - - [01/Feb/2024:08:18:49 +0000] "GET /api/v1/banner/get-all-banners?bannerType=topBanner HTTP/1.1" 201 190 "-" "node"
::1 - - [01/Feb/2024:08:18:49 +0000] "GET /api/v1/product/all-products HTTP/1.1" 200 14406 "-" "node"
::1 - - [01/Feb/2024:08:18:49 +0000] "GET /api/v1/banner/get-all-banners?bannerType=topBanner HTTP/1.1" 201 190 "-" "node"
::1 - - [01/Feb/2024:08:18:49 +0000] "GET /api/v1/product/sold-product HTTP/1.1" 200 13920 "-" "node"
::1 - - [01/Feb/2024:08:18:49 +0000] "GET /api/v1/banner/get-all-banners?bannerType=topBanner HTTP/1.1" 201 190 "-" "node"
::1 - - [01/Feb/2024:08:18:50 +0000] "GET /api/v1/banner/get-all-banners?bannerType=topBanner HTTP/1.1" 201 190 "-" "node"
::1 - - [01/Feb/2024:08:18:50 +0000] "GET /api/v1/banner/get-all-banners?bannerType=topBanner HTTP/1.1" 201 190 "-" "node"
::1 - - [01/Feb/2024:08:18:50 +0000] "GET /api/v1/banner/get-all-banners?bannerType=topBanner HTTP/1.1" 201 190 "-" "node"
::1 - - [01/Feb/2024:08:18:50 +0000] "GET /api/v1/banner/get-all-banners?bannerType=topBanner HTTP/1.1" 201 190 "-" "node"
::1 - - [01/Feb/2024:08:18:50 +0000] "GET /api/v1/banner/get-all-banners?bannerType=topBanner HTTP/1.1" 201 190 "-" "node"
::1 - - [01/Feb/2024:08:18:50 +0000] "GET /api/v1/product/all-products HTTP/1.1" 200 14406 "-" "node"
::1 - - [01/Feb/2024:08:18:51 +0000] "GET /api/v1/banner/get-all-banners?bannerType=topBanner HTTP/1.1" 201 190 "-" "node"
::1 - - [01/Feb/2024:08:24:11 +0000] "GET /api/v1/user/refresh HTTP/1.1" 400 65 "-" "node"
::1 - - [01/Feb/2024:08:24:11 +0000] "GET /api/v1/user/me HTTP/1.1" 400 65 "-" "node"
::1 - - [01/Feb/2024:08:24:11 +0000] "GET /api/v1/banner/get-all-banners?bannerType=topBanner HTTP/1.1" 201 190 "-" "node"
::1 - - [01/Feb/2024:08:24:12 +0000] "GET /public/uploads/banners/1705713550491-banner-top2.png HTTP/1.1" 200 897 "-" "node"
::1 - - [01/Feb/2024:08:24:12 +0000] "GET /api/v1/product/single-product/colmi-c81-bluetooth-calling-smart-watch HTTP/1.1" 200 3352 "-" "node"
::1 - - [01/Feb/2024:08:24:12 +0000] "GET /api/v1/user/refresh HTTP/1.1" 200 205 "http://localhost:3000/" "Mozilla/5.0 (Windows NT 10.0; Win64; x64) AppleWebKit/537.36 (KHTML, like Gecko) Chrome/121.0.0.0 Safari/537.36"
::1 - - [01/Feb/2024:08:24:12 +0000] "GET /api/v1/category/category-subcategory HTTP/1.1" 304 - "http://localhost:3000/" "Mozilla/5.0 (Windows NT 10.0; Win64; x64) AppleWebKit/537.36 (KHTML, like Gecko) Chrome/121.0.0.0 Safari/537.36"
::1 - - [01/Feb/2024:08:24:12 +0000] "GET /api/v1/user/me HTTP/1.1" 304 - "http://localhost:3000/" "Mozilla/5.0 (Windows NT 10.0; Win64; x64) AppleWebKit/537.36 (KHTML, like Gecko) Chrome/121.0.0.0 Safari/537.36"
::1 - - [01/Feb/2024:08:24:13 +0000] "GET /public/uploads/users/1705718561706-120926404_413898222929480_2254540235409040586_n.jpg HTTP/1.1" 200 262400 "-" "node"
::1 - - [01/Feb/2024:08:24:13 +0000] "GET /public/uploads/products/1705717607200-product-grey.png HTTP/1.1" 200 9506 "-" "node"
::1 - - [01/Feb/2024:08:24:13 +0000] "GET /public/uploads/products/1705717607198-product-green.png HTTP/1.1" 200 9569 "-" "node"
::1 - - [01/Feb/2024:08:24:13 +0000] "GET /public/uploads/products/1705717607199-product-light-green.png HTTP/1.1" 200 8728 "-" "node"
::1 - - [01/Feb/2024:08:24:13 +0000] "GET /api/v1/cart/get-cart HTTP/1.1" 304 - "http://localhost:3000/" "Mozilla/5.0 (Windows NT 10.0; Win64; x64) AppleWebKit/537.36 (KHTML, like Gecko) Chrome/121.0.0.0 Safari/537.36"
::1 - - [01/Feb/2024:08:24:14 +0000] "GET /api/v1/cart/updated-price HTTP/1.1" 304 - "http://localhost:3000/" "Mozilla/5.0 (Windows NT 10.0; Win64; x64) AppleWebKit/537.36 (KHTML, like Gecko) Chrome/121.0.0.0 Safari/537.36"
::1 - - [01/Feb/2024:08:24:14 +0000] "GET /api/v1/product/all-reviews?productId=65ab2f67100d3954c56e70b1&userId=65ab19112f61670e24026a14 HTTP/1.1" 304 - "http://localhost:3000/" "Mozilla/5.0 (Windows NT 10.0; Win64; x64) AppleWebKit/537.36 (KHTML, like Gecko) Chrome/121.0.0.0 Safari/537.36"
::1 - - [01/Feb/2024:08:24:14 +0000] "GET /public/uploads/products/1705717166573-product-blue.png HTTP/1.1" 200 9606 "-" "node"
::1 - - [01/Feb/2024:08:24:14 +0000] "GET /public/uploads/products/1705717299010-product-green.png HTTP/1.1" 200 9569 "-" "node"
::1 - - [01/Feb/2024:08:24:14 +0000] "GET /public/uploads/users/1705718561706-120926404_413898222929480_2254540235409040586_n.jpg HTTP/1.1" 200 262400 "-" "node"
::1 - - [01/Feb/2024:08:24:14 +0000] "GET /public/uploads/products/1705717457753-product-green.png HTTP/1.1" 200 9569 "-" "node"
::1 - - [01/Feb/2024:08:24:14 +0000] "GET /public/uploads/products/1705717521573-product-green.png HTTP/1.1" 200 9569 "-" "node"
::1 - - [01/Feb/2024:08:24:15 +0000] "GET /public/uploads/products/1706366570461-product-skyblue.png HTTP/1.1" 200 8317 "-" "node"
::1 - - [01/Feb/2024:08:24:18 +0000] "GET /api/v1/review/get-customer-review HTTP/1.1" 201 571 "-" "node"
::1 - - [01/Feb/2024:08:24:18 +0000] "GET /api/v1/product/sold-product HTTP/1.1" 200 13920 "-" "node"
::1 - - [01/Feb/2024:08:24:19 +0000] "GET /api/v1/product/all-products HTTP/1.1" 200 14406 "-" "node"
::1 - - [01/Feb/2024:08:24:19 +0000] "GET /public/uploads/products/1706366570461-product-skyblue.png HTTP/1.1" 200 8317 "-" "node"
::1 - - [01/Feb/2024:08:24:19 +0000] "GET /public/uploads/products/1705717521573-product-green.png HTTP/1.1" 200 9569 "-" "node"
::1 - - [01/Feb/2024:08:24:19 +0000] "GET /public/uploads/products/1705717457753-product-green.png HTTP/1.1" 200 9569 "-" "node"
::1 - - [01/Feb/2024:08:24:20 +0000] "GET /public/uploads/products/1705717299010-product-green.png HTTP/1.1" 200 9569 "-" "node"
::1 - - [01/Feb/2024:08:24:20 +0000] "GET /public/uploads/products/1705717166573-product-blue.png HTTP/1.1" 200 9606 "-" "node"
::1 - - [01/Feb/2024:08:24:20 +0000] "GET /public/uploads/products/1705715838498-product-green.png HTTP/1.1" 200 9569 "-" "node"
::1 - - [01/Feb/2024:08:24:20 +0000] "GET /api/v1/banner/get-all-banners?bannerType=mainBanner HTTP/1.1" 201 814 "http://localhost:3000/" "Mozilla/5.0 (Windows NT 10.0; Win64; x64) AppleWebKit/537.36 (KHTML, like Gecko) Chrome/121.0.0.0 Safari/537.36"
::1 - - [01/Feb/2024:08:24:20 +0000] "GET /public/uploads/products/1705715691023-product-skyblue.png HTTP/1.1" 200 8317 "-" "node"
::1 - - [01/Feb/2024:08:24:20 +0000] "GET /public/uploads/banners/1705713466469-75988a3e-1172-43d9-adbe-4ba4b144899a.jpg HTTP/1.1" 200 98989 "-" "node"
::1 - - [01/Feb/2024:08:24:20 +0000] "GET /public/uploads/banners/1705713474573-fc166abf-c154-406e-9342-ecd5e437b3e7.jpg HTTP/1.1" 200 121176 "-" "node"
::1 - - [01/Feb/2024:08:24:22 +0000] "GET /public/uploads/products/1705715630247-1704468990890-khejur-3.png HTTP/1.1" 200 7227 "-" "node"
::1 - - [01/Feb/2024:08:24:22 +0000] "GET /public/uploads/products/1705715414100-product-grey.png HTTP/1.1" 200 9506 "-" "node"
::1 - - [01/Feb/2024:08:24:23 +0000] "GET /public/uploads/products/1705715176779-product-grey.png HTTP/1.1" 200 9506 "-" "node"
::1 - - [01/Feb/2024:08:24:23 +0000] "GET /public/uploads/customerReview/1705717954751-customer-review-image.png HTTP/1.1" 200 6107 "-" "node"
::1 - - [01/Feb/2024:08:24:23 +0000] "GET /public/uploads/customerReview/1705717957683-customer-review-image.png HTTP/1.1" 200 6107 "-" "node"
::1 - - [01/Feb/2024:08:24:23 +0000] "GET /public/uploads/customerReview/1705717959640-customer-review-image.png HTTP/1.1" 200 6107 "-" "node"
::1 - - [01/Feb/2024:08:24:23 +0000] "GET /public/uploads/customerReview/1705717961465-customer-review-image.png HTTP/1.1" 200 6107 "-" "node"
::1 - - [01/Feb/2024:08:24:23 +0000] "GET /public/uploads/banners/1705713483221-9b19f152-e405-4b0b-8fe0-d1234d57eae9.jpg_1200x1200.jpg HTTP/1.1" 200 136456 "-" "node"
::1 - - [01/Feb/2024:08:24:24 +0000] "GET /public/uploads/banners/1705713500451-1000x320.png HTTP/1.1" 200 17883 "-" "node"
::1 - - [01/Feb/2024:08:24:26 +0000] "GET /public/uploads/banners/1705713511154-1000x340.png HTTP/1.1" 200 17895 "-" "node"
::1 - - [01/Feb/2024:08:24:31 +0000] "GET /api/v1/product/all-products?page=1&ratings=0&limit=10&category=&subcategory=65ab1c092f61670e24026a46&search=&minPrice=&maxPrice= HTTP/1.1" 200 8363 "-" "node"
::1 - - [01/Feb/2024:08:24:31 +0000] "GET /api/v1/banner/get-all-banners?bannerType=categoryBanner&category=65ab1c092f61670e24026a46 HTTP/1.1" 201 57 "http://localhost:3000/" "Mozilla/5.0 (Windows NT 10.0; Win64; x64) AppleWebKit/537.36 (KHTML, like Gecko) Chrome/121.0.0.0 Safari/537.36"
::1 - - [01/Feb/2024:08:24:34 +0000] "GET /api/v1/product/single-product/colmi-p71-bluetooth-calling-smart-watch HTTP/1.1" 200 3353 "-" "node"
::1 - - [01/Feb/2024:08:24:34 +0000] "GET /public/uploads/products/1705717166574-product-light-green.png HTTP/1.1" 200 8728 "-" "node"
::1 - - [01/Feb/2024:08:24:34 +0000] "GET /public/uploads/products/1705717166573-product-green.png HTTP/1.1" 200 9569 "-" "node"
::1 - - [01/Feb/2024:08:24:34 +0000] "GET /public/uploads/products/1705717166573-product-blue.png HTTP/1.1" 200 9606 "-" "node"
::1 - - [01/Feb/2024:08:24:34 +0000] "GET /public/uploads/products/1705717607198-product-green.png HTTP/1.1" 200 9569 "-" "node"
::1 - - [01/Feb/2024:08:24:35 +0000] "GET /api/v1/product/all-reviews?productId=65ab2dae100d3954c56e705f&userId=65ab19112f61670e24026a14 HTTP/1.1" 304 - "http://localhost:3000/" "Mozilla/5.0 (Windows NT 10.0; Win64; x64) AppleWebKit/537.36 (KHTML, like Gecko) Chrome/121.0.0.0 Safari/537.36"
::1 - - [01/Feb/2024:08:24:49 +0000] "GET /api/v1/product/single-product/gawa-ghee-500-gram HTTP/1.1" 200 3239 "-" "node"
::1 - - [01/Feb/2024:08:24:49 +0000] "GET /public/uploads/products/1705715414104-product-blue.png HTTP/1.1" 200 9606 "-" "node"
::1 - - [01/Feb/2024:08:24:49 +0000] "GET /public/uploads/products/1705715414100-product-grey.png HTTP/1.1" 200 9506 "-" "node"
::1 - - [01/Feb/2024:08:24:49 +0000] "GET /public/uploads/products/1705715414101-1704468990890-khejur-3.png HTTP/1.1" 200 7227 "-" "node"
::1 - - [01/Feb/2024:08:24:49 +0000] "GET /public/uploads/products/1705715414102-product-light-green.png HTTP/1.1" 200 8728 "-" "node"
::1 - - [01/Feb/2024:08:24:49 +0000] "GET /public/uploads/products/1705715414103-product-skyblue.png HTTP/1.1" 200 8317 "-" "node"
::1 - - [01/Feb/2024:08:24:49 +0000] "GET /public/uploads/products/1705715176779-product-grey.png HTTP/1.1" 200 9506 "-" "node"
::1 - - [01/Feb/2024:08:24:49 +0000] "GET /public/uploads/products/1705715838498-product-green.png HTTP/1.1" 200 9569 "-" "node"
::1 - - [01/Feb/2024:08:24:49 +0000] "GET /public/uploads/products/1705715691023-product-skyblue.png HTTP/1.1" 200 8317 "-" "node"
::1 - - [01/Feb/2024:08:24:49 +0000] "GET /public/uploads/products/1705715630247-1704468990890-khejur-3.png HTTP/1.1" 200 7227 "-" "node"
::1 - - [01/Feb/2024:08:24:49 +0000] "GET /api/v1/product/all-reviews?productId=65ab26d6100d3954c56e7006&userId=65ab19112f61670e24026a14 HTTP/1.1" 200 83 "http://localhost:3000/" "Mozilla/5.0 (Windows NT 10.0; Win64; x64) AppleWebKit/537.36 (KHTML, like Gecko) Chrome/121.0.0.0 Safari/537.36"
::1 - - [01/Feb/2024:08:24:56 +0000] "GET /api/v1/product/single-product/black-seed-honey-500-gram HTTP/1.1" 200 3240 "-" "node"
::1 - - [01/Feb/2024:08:24:56 +0000] "GET /public/uploads/products/1705715630248-product-green.png HTTP/1.1" 200 9569 "-" "node"
::1 - - [01/Feb/2024:08:24:56 +0000] "GET /public/uploads/products/1705715414100-product-grey.png HTTP/1.1" 200 9506 "-" "node"
::1 - - [01/Feb/2024:08:24:56 +0000] "GET /public/uploads/products/1705715630247-1704468990890-khejur-3.png HTTP/1.1" 200 7227 "-" "node"
::1 - - [01/Feb/2024:08:24:56 +0000] "GET /public/uploads/products/1705715630247-product-skyblue.png HTTP/1.1" 200 8317 "-" "node"
::1 - - [01/Feb/2024:08:24:57 +0000] "GET /api/v1/product/all-reviews?productId=65ab27ae100d3954c56e701d&userId=65ab19112f61670e24026a14 HTTP/1.1" 304 - "http://localhost:3000/" "Mozilla/5.0 (Windows NT 10.0; Win64; x64) AppleWebKit/537.36 (KHTML, like Gecko) Chrome/121.0.0.0 Safari/537.36"
::1 - - [01/Feb/2024:08:24:57 +0000] "GET /public/uploads/users/1706580431860-order-success.png HTTP/1.1" 200 34258 "-" "node"
::1 - - [01/Feb/2024:08:25:02 +0000] "GET /api/v1/product/sold-product HTTP/1.1" 200 13920 "-" "node"
::1 - - [01/Feb/2024:08:25:02 +0000] "GET /api/v1/review/get-customer-review HTTP/1.1" 201 571 "-" "node"
::1 - - [01/Feb/2024:08:25:03 +0000] "GET /api/v1/product/all-products HTTP/1.1" 200 14406 "-" "node"
::1 - - [01/Feb/2024:08:25:06 +0000] "GET /api/v1/product/single-product/mi-2-band-bluetooth-calling-smart-watch HTTP/1.1" 200 3509 "-" "node"
::1 - - [01/Feb/2024:08:25:06 +0000] "GET /public/uploads/products/1706366570463-product-green.png HTTP/1.1" 200 9569 "-" "node"
::1 - - [01/Feb/2024:08:25:06 +0000] "GET /public/uploads/products/1706366570461-product-skyblue.png HTTP/1.1" 200 8317 "-" "node"
::1 - - [01/Feb/2024:08:25:06 +0000] "GET /public/uploads/products/1706366570462-product-blue.png HTTP/1.1" 200 9606 "-" "node"
::1 - - [01/Feb/2024:08:25:07 +0000] "GET /api/v1/product/all-reviews?productId=65b5166af528d7d747041cef&userId=65ab19112f61670e24026a14 HTTP/1.1" 304 - "http://localhost:3000/" "Mozilla/5.0 (Windows NT 10.0; Win64; x64) AppleWebKit/537.36 (KHTML, like Gecko) Chrome/121.0.0.0 Safari/537.36"
::1 - - [01/Feb/2024:08:25:29 +0000] "GET /api/v1/product/sold-product HTTP/1.1" 200 13920 "-" "node"
::1 - - [01/Feb/2024:08:25:29 +0000] "GET /api/v1/review/get-customer-review HTTP/1.1" 201 571 "-" "node"
::1 - - [01/Feb/2024:08:25:30 +0000] "GET /api/v1/product/all-products HTTP/1.1" 200 14406 "-" "node"
::1 - - [01/Feb/2024:08:26:19 +0000] "GET /api/v1/product/sold-product HTTP/1.1" 200 13920 "-" "node"
::1 - - [01/Feb/2024:08:26:19 +0000] "GET /api/v1/banner/get-all-banners?bannerType=topBanner HTTP/1.1" 201 190 "-" "node"
::1 - - [01/Feb/2024:08:26:19 +0000] "GET /api/v1/review/get-customer-review HTTP/1.1" 201 571 "-" "node"
::1 - - [01/Feb/2024:08:26:19 +0000] "GET /public/uploads/banners/1705713550491-banner-top2.png HTTP/1.1" 200 897 "-" "node"
::1 - - [01/Feb/2024:08:26:19 +0000] "GET /api/v1/user/refresh HTTP/1.1" 200 205 "http://localhost:3000/" "Mozilla/5.0 (Windows NT 10.0; Win64; x64) AppleWebKit/537.36 (KHTML, like Gecko) Chrome/121.0.0.0 Safari/537.36"
::1 - - [01/Feb/2024:08:26:20 +0000] "GET /api/v1/user/me HTTP/1.1" 304 - "http://localhost:3000/" "Mozilla/5.0 (Windows NT 10.0; Win64; x64) AppleWebKit/537.36 (KHTML, like Gecko) Chrome/121.0.0.0 Safari/537.36"
::1 - - [01/Feb/2024:08:26:20 +0000] "GET /public/uploads/users/1705718561706-120926404_413898222929480_2254540235409040586_n.jpg HTTP/1.1" 200 262400 "-" "node"
::1 - - [01/Feb/2024:08:26:20 +0000] "GET /api/v1/category/category-subcategory HTTP/1.1" 304 - "http://localhost:3000/" "Mozilla/5.0 (Windows NT 10.0; Win64; x64) AppleWebKit/537.36 (KHTML, like Gecko) Chrome/121.0.0.0 Safari/537.36"
::1 - - [01/Feb/2024:08:26:20 +0000] "GET /api/v1/product/all-products HTTP/1.1" 200 14406 "-" "node"
::1 - - [01/Feb/2024:08:26:21 +0000] "GET /public/uploads/products/1705717607198-product-green.png HTTP/1.1" 200 9569 "-" "node"
::1 - - [01/Feb/2024:08:26:21 +0000] "GET /api/v1/banner/get-all-banners?bannerType=mainBanner HTTP/1.1" 201 814 "http://localhost:3000/" "Mozilla/5.0 (Windows NT 10.0; Win64; x64) AppleWebKit/537.36 (KHTML, like Gecko) Chrome/121.0.0.0 Safari/537.36"
::1 - - [01/Feb/2024:08:26:21 +0000] "GET /api/v1/cart/get-cart HTTP/1.1" 304 - "http://localhost:3000/" "Mozilla/5.0 (Windows NT 10.0; Win64; x64) AppleWebKit/537.36 (KHTML, like Gecko) Chrome/121.0.0.0 Safari/537.36"
::1 - - [01/Feb/2024:08:26:21 +0000] "GET /public/uploads/products/1706366570461-product-skyblue.png HTTP/1.1" 200 8317 "-" "node"
::1 - - [01/Feb/2024:08:26:21 +0000] "GET /public/uploads/products/1705717521573-product-green.png HTTP/1.1" 200 9569 "-" "node"
::1 - - [01/Feb/2024:08:26:21 +0000] "GET /public/uploads/products/1705717457753-product-green.png HTTP/1.1" 200 9569 "-" "node"
::1 - - [01/Feb/2024:08:26:21 +0000] "GET /public/uploads/products/1705717299010-product-green.png HTTP/1.1" 200 9569 "-" "node"
::1 - - [01/Feb/2024:08:26:21 +0000] "GET /public/uploads/products/1705717166573-product-blue.png HTTP/1.1" 200 9606 "-" "node"
::1 - - [01/Feb/2024:08:26:21 +0000] "GET /public/uploads/products/1705715838498-product-green.png HTTP/1.1" 200 9569 "-" "node"
::1 - - [01/Feb/2024:08:26:21 +0000] "GET /public/uploads/products/1705715691023-product-skyblue.png HTTP/1.1" 200 8317 "-" "node"
::1 - - [01/Feb/2024:08:26:21 +0000] "GET /public/uploads/products/1705715630247-1704468990890-khejur-3.png HTTP/1.1" 200 7227 "-" "node"
::1 - - [01/Feb/2024:08:26:21 +0000] "GET /public/uploads/products/1705715414100-product-grey.png HTTP/1.1" 200 9506 "-" "node"
::1 - - [01/Feb/2024:08:26:21 +0000] "GET /api/v1/cart/updated-price HTTP/1.1" 304 - "http://localhost:3000/" "Mozilla/5.0 (Windows NT 10.0; Win64; x64) AppleWebKit/537.36 (KHTML, like Gecko) Chrome/121.0.0.0 Safari/537.36"
::1 - - [01/Feb/2024:08:26:21 +0000] "GET /public/uploads/banners/1705713474573-fc166abf-c154-406e-9342-ecd5e437b3e7.jpg HTTP/1.1" 200 121176 "-" "node"
::1 - - [01/Feb/2024:08:26:21 +0000] "GET /public/uploads/banners/1705713466469-75988a3e-1172-43d9-adbe-4ba4b144899a.jpg HTTP/1.1" 200 98989 "-" "node"
::1 - - [01/Feb/2024:08:26:22 +0000] "GET /public/uploads/products/1705715176779-product-grey.png HTTP/1.1" 200 9506 "-" "node"
::1 - - [01/Feb/2024:08:26:22 +0000] "GET /public/uploads/customerReview/1705717954751-customer-review-image.png HTTP/1.1" 200 6107 "-" "node"
::1 - - [01/Feb/2024:08:26:22 +0000] "GET /public/uploads/customerReview/1705717957683-customer-review-image.png HTTP/1.1" 200 6107 "-" "node"
::1 - - [01/Feb/2024:08:26:23 +0000] "GET /public/uploads/customerReview/1705717959640-customer-review-image.png HTTP/1.1" 200 6107 "-" "node"
::1 - - [01/Feb/2024:08:26:23 +0000] "GET /public/uploads/customerReview/1705717961465-customer-review-image.png HTTP/1.1" 200 6107 "-" "node"
::1 - - [01/Feb/2024:08:26:23 +0000] "GET /public/uploads/banners/1705713483221-9b19f152-e405-4b0b-8fe0-d1234d57eae9.jpg_1200x1200.jpg HTTP/1.1" 200 136456 "-" "node"
::1 - - [01/Feb/2024:08:26:25 +0000] "GET /public/uploads/banners/1705713500451-1000x320.png HTTP/1.1" 200 17883 "-" "node"
::1 - - [01/Feb/2024:08:36:42 +0000] "GET /public/uploads/products/1706366570461-product-skyblue.png HTTP/1.1" 200 8317 "-" "node"
::1 - - [01/Feb/2024:08:36:42 +0000] "GET /public/uploads/products/1705717607198-product-green.png HTTP/1.1" 200 9569 "-" "node"
::1 - - [01/Feb/2024:08:36:42 +0000] "GET /public/uploads/products/1705717521573-product-green.png HTTP/1.1" 200 9569 "-" "node"
::1 - - [01/Feb/2024:08:36:42 +0000] "GET /public/uploads/products/1705717457753-product-green.png HTTP/1.1" 200 9569 "-" "node"
::1 - - [01/Feb/2024:08:36:42 +0000] "GET /public/uploads/products/1705717299010-product-green.png HTTP/1.1" 200 9569 "-" "node"
::1 - - [01/Feb/2024:08:36:42 +0000] "GET /public/uploads/products/1705717166573-product-blue.png HTTP/1.1" 200 9606 "-" "node"
::1 - - [01/Feb/2024:08:36:42 +0000] "GET /api/v1/banner/get-all-banners?bannerType=mainBanner HTTP/1.1" 201 814 "http://localhost:3000/" "Mozilla/5.0 (Windows NT 10.0; Win64; x64) AppleWebKit/537.36 (KHTML, like Gecko) Chrome/121.0.0.0 Safari/537.36"
::1 - - [01/Feb/2024:08:36:42 +0000] "GET /public/uploads/products/1705715838498-product-green.png HTTP/1.1" 200 9569 "-" "node"
::1 - - [01/Feb/2024:08:36:42 +0000] "GET /public/uploads/products/1705715691023-product-skyblue.png HTTP/1.1" 200 8317 "-" "node"
::1 - - [01/Feb/2024:08:36:42 +0000] "GET /public/uploads/products/1705715630247-1704468990890-khejur-3.png HTTP/1.1" 200 7227 "-" "node"
::1 - - [01/Feb/2024:08:36:42 +0000] "GET /public/uploads/products/1705715414100-product-grey.png HTTP/1.1" 200 9506 "-" "node"
::1 - - [01/Feb/2024:08:36:42 +0000] "GET /public/uploads/banners/1705713466469-75988a3e-1172-43d9-adbe-4ba4b144899a.jpg HTTP/1.1" 200 98989 "-" "node"
::1 - - [01/Feb/2024:08:36:42 +0000] "GET /public/uploads/banners/1705713474573-fc166abf-c154-406e-9342-ecd5e437b3e7.jpg HTTP/1.1" 200 121176 "-" "node"
::1 - - [01/Feb/2024:08:36:43 +0000] "GET /public/uploads/products/1705715176779-product-grey.png HTTP/1.1" 200 9506 "-" "node"
::1 - - [01/Feb/2024:08:36:43 +0000] "GET /public/uploads/customerReview/1705717954751-customer-review-image.png HTTP/1.1" 200 6107 "-" "node"
::1 - - [01/Feb/2024:08:36:43 +0000] "GET /public/uploads/customerReview/1705717957683-customer-review-image.png HTTP/1.1" 200 6107 "-" "node"
::1 - - [01/Feb/2024:08:36:43 +0000] "GET /public/uploads/customerReview/1705717959640-customer-review-image.png HTTP/1.1" 200 6107 "-" "node"
::1 - - [01/Feb/2024:08:36:43 +0000] "GET /public/uploads/customerReview/1705717961465-customer-review-image.png HTTP/1.1" 200 6107 "-" "node"
::1 - - [01/Feb/2024:08:36:47 +0000] "GET /public/uploads/banners/1705713483221-9b19f152-e405-4b0b-8fe0-d1234d57eae9.jpg_1200x1200.jpg HTTP/1.1" 200 136456 "-" "node"
::1 - - [01/Feb/2024:08:36:47 +0000] "GET /public/uploads/banners/1705713500451-1000x320.png HTTP/1.1" 200 17883 "-" "node"
::1 - - [01/Feb/2024:08:36:48 +0000] "GET /public/uploads/banners/1705713511154-1000x340.png HTTP/1.1" 200 17895 "-" "node"
::1 - - [01/Feb/2024:10:52:31 +0000] "GET /api/v1/product/sold-product HTTP/1.1" 200 13920 "-" "node"
::1 - - [01/Feb/2024:10:52:31 +0000] "GET /api/v1/banner/get-all-banners?bannerType=topBanner HTTP/1.1" 201 190 "-" "node"
::1 - - [01/Feb/2024:10:52:31 +0000] "GET /api/v1/review/get-customer-review HTTP/1.1" 201 571 "-" "node"
::1 - - [01/Feb/2024:10:52:31 +0000] "GET /public/uploads/banners/1705713550491-banner-top2.png HTTP/1.1" 200 897 "-" "node"
::1 - - [01/Feb/2024:10:52:32 +0000] "GET /api/v1/user/refresh HTTP/1.1" 200 205 "http://localhost:3000/" "Mozilla/5.0 (Windows NT 10.0; Win64; x64) AppleWebKit/537.36 (KHTML, like Gecko) Chrome/121.0.0.0 Safari/537.36"
::1 - - [01/Feb/2024:10:52:32 +0000] "GET /api/v1/user/me HTTP/1.1" 304 - "http://localhost:3000/" "Mozilla/5.0 (Windows NT 10.0; Win64; x64) AppleWebKit/537.36 (KHTML, like Gecko) Chrome/121.0.0.0 Safari/537.36"
::1 - - [01/Feb/2024:10:52:32 +0000] "GET /api/v1/category/category-subcategory HTTP/1.1" 304 - "http://localhost:3000/" "Mozilla/5.0 (Windows NT 10.0; Win64; x64) AppleWebKit/537.36 (KHTML, like Gecko) Chrome/121.0.0.0 Safari/537.36"
::1 - - [01/Feb/2024:10:52:32 +0000] "GET /public/uploads/users/1705718561706-120926404_413898222929480_2254540235409040586_n.jpg HTTP/1.1" 200 262400 "-" "node"
::1 - - [01/Feb/2024:10:52:32 +0000] "GET /api/v1/product/all-products HTTP/1.1" 200 14406 "-" "node"
::1 - - [01/Feb/2024:10:52:33 +0000] "GET /public/uploads/products/1706366570461-product-skyblue.png HTTP/1.1" 200 8317 "-" "node"
::1 - - [01/Feb/2024:10:52:33 +0000] "GET /public/uploads/products/1705717607198-product-green.png HTTP/1.1" 200 9569 "-" "node"
::1 - - [01/Feb/2024:10:52:33 +0000] "GET /api/v1/banner/get-all-banners?bannerType=mainBanner HTTP/1.1" 201 814 "http://localhost:3000/" "Mozilla/5.0 (Windows NT 10.0; Win64; x64) AppleWebKit/537.36 (KHTML, like Gecko) Chrome/121.0.0.0 Safari/537.36"
::1 - - [01/Feb/2024:10:52:33 +0000] "GET /api/v1/cart/get-cart HTTP/1.1" 304 - "http://localhost:3000/" "Mozilla/5.0 (Windows NT 10.0; Win64; x64) AppleWebKit/537.36 (KHTML, like Gecko) Chrome/121.0.0.0 Safari/537.36"
::1 - - [01/Feb/2024:10:52:33 +0000] "GET /public/uploads/products/1705717521573-product-green.png HTTP/1.1" 200 9569 "-" "node"
::1 - - [01/Feb/2024:10:52:33 +0000] "GET /public/uploads/products/1705717457753-product-green.png HTTP/1.1" 200 9569 "-" "node"
::1 - - [01/Feb/2024:10:52:33 +0000] "GET /public/uploads/products/1705717299010-product-green.png HTTP/1.1" 200 9569 "-" "node"
::1 - - [01/Feb/2024:10:52:33 +0000] "GET /public/uploads/products/1705717166573-product-blue.png HTTP/1.1" 200 9606 "-" "node"
::1 - - [01/Feb/2024:10:52:33 +0000] "GET /public/uploads/products/1705715691023-product-skyblue.png HTTP/1.1" 200 8317 "-" "node"
::1 - - [01/Feb/2024:10:52:33 +0000] "GET /public/uploads/products/1705715414100-product-grey.png HTTP/1.1" 200 9506 "-" "node"
::1 - - [01/Feb/2024:10:52:33 +0000] "GET /public/uploads/products/1705715630247-1704468990890-khejur-3.png HTTP/1.1" 200 7227 "-" "node"
::1 - - [01/Feb/2024:10:52:33 +0000] "GET /public/uploads/products/1705715838498-product-green.png HTTP/1.1" 200 9569 "-" "node"
::1 - - [01/Feb/2024:10:52:33 +0000] "GET /public/uploads/products/1705715176779-product-grey.png HTTP/1.1" 200 9506 "-" "node"
::1 - - [01/Feb/2024:10:52:33 +0000] "GET /api/v1/cart/updated-price HTTP/1.1" 304 - "http://localhost:3000/" "Mozilla/5.0 (Windows NT 10.0; Win64; x64) AppleWebKit/537.36 (KHTML, like Gecko) Chrome/121.0.0.0 Safari/537.36"
::1 - - [01/Feb/2024:10:52:33 +0000] "GET /public/uploads/banners/1705713466469-75988a3e-1172-43d9-adbe-4ba4b144899a.jpg HTTP/1.1" 200 98989 "-" "node"
::1 - - [01/Feb/2024:10:52:33 +0000] "GET /public/uploads/banners/1705713474573-fc166abf-c154-406e-9342-ecd5e437b3e7.jpg HTTP/1.1" 200 121176 "-" "node"
::1 - - [01/Feb/2024:10:52:35 +0000] "GET /public/uploads/banners/1705713483221-9b19f152-e405-4b0b-8fe0-d1234d57eae9.jpg_1200x1200.jpg HTTP/1.1" 200 136456 "-" "node"
::1 - - [01/Feb/2024:10:52:37 +0000] "GET /api/v1/review/get-customer-review HTTP/1.1" 201 571 "-" "node"
::1 - - [01/Feb/2024:10:52:37 +0000] "GET /api/v1/product/sold-product HTTP/1.1" 200 13920 "-" "node"
::1 - - [01/Feb/2024:10:52:37 +0000] "GET /api/v1/banner/get-all-banners?bannerType=topBanner HTTP/1.1" 201 190 "-" "node"
::1 - - [01/Feb/2024:10:52:38 +0000] "GET /api/v1/user/refresh HTTP/1.1" 200 205 "http://localhost:3000/" "Mozilla/5.0 (Windows NT 10.0; Win64; x64) AppleWebKit/537.36 (KHTML, like Gecko) Chrome/121.0.0.0 Safari/537.36"
::1 - - [01/Feb/2024:10:52:38 +0000] "GET /api/v1/category/category-subcategory HTTP/1.1" 304 - "http://localhost:3000/" "Mozilla/5.0 (Windows NT 10.0; Win64; x64) AppleWebKit/537.36 (KHTML, like Gecko) Chrome/121.0.0.0 Safari/537.36"
::1 - - [01/Feb/2024:10:52:38 +0000] "GET /api/v1/user/me HTTP/1.1" 304 - "http://localhost:3000/" "Mozilla/5.0 (Windows NT 10.0; Win64; x64) AppleWebKit/537.36 (KHTML, like Gecko) Chrome/121.0.0.0 Safari/537.36"
::1 - - [01/Feb/2024:10:52:38 +0000] "GET /api/v1/product/all-products HTTP/1.1" 200 14406 "-" "node"
::1 - - [01/Feb/2024:10:52:39 +0000] "GET /api/v1/banner/get-all-banners?bannerType=mainBanner HTTP/1.1" 201 814 "http://localhost:3000/" "Mozilla/5.0 (Windows NT 10.0; Win64; x64) AppleWebKit/537.36 (KHTML, like Gecko) Chrome/121.0.0.0 Safari/537.36"
::1 - - [01/Feb/2024:10:52:39 +0000] "GET /api/v1/cart/get-cart HTTP/1.1" 304 - "http://localhost:3000/" "Mozilla/5.0 (Windows NT 10.0; Win64; x64) AppleWebKit/537.36 (KHTML, like Gecko) Chrome/121.0.0.0 Safari/537.36"
::1 - - [01/Feb/2024:10:52:39 +0000] "GET /api/v1/cart/updated-price HTTP/1.1" 304 - "http://localhost:3000/" "Mozilla/5.0 (Windows NT 10.0; Win64; x64) AppleWebKit/537.36 (KHTML, like Gecko) Chrome/121.0.0.0 Safari/537.36"
::1 - - [01/Feb/2024:10:52:41 +0000] "GET /public/uploads/customerReview/1705717954751-customer-review-image.png HTTP/1.1" 200 6107 "-" "node"
::1 - - [01/Feb/2024:10:52:41 +0000] "GET /public/uploads/customerReview/1705717957683-customer-review-image.png HTTP/1.1" 200 6107 "-" "node"
::1 - - [01/Feb/2024:10:52:41 +0000] "GET /public/uploads/customerReview/1705717959640-customer-review-image.png HTTP/1.1" 200 6107 "-" "node"
::1 - - [01/Feb/2024:10:52:41 +0000] "GET /public/uploads/customerReview/1705717961465-customer-review-image.png HTTP/1.1" 200 6107 "-" "node"
::1 - - [01/Feb/2024:10:52:44 +0000] "GET /api/v1/product/single-product/haylou-solar-lite-smart-watch-with-sp02 HTTP/1.1" 200 3353 "-" "node"
::1 - - [01/Feb/2024:10:52:44 +0000] "GET /public/uploads/products/1705717521573-product-green.png HTTP/1.1" 200 9569 "-" "node"
::1 - - [01/Feb/2024:10:52:44 +0000] "GET /public/uploads/products/1705717521574-product-grey.png HTTP/1.1" 200 9506 "-" "node"
::1 - - [01/Feb/2024:10:52:44 +0000] "GET /public/uploads/products/1705717521574-product-light-green.png HTTP/1.1" 200 8728 "-" "node"
::1 - - [01/Feb/2024:10:52:44 +0000] "GET /public/uploads/products/1705717166573-product-blue.png HTTP/1.1" 200 9606 "-" "node"
::1 - - [01/Feb/2024:10:52:44 +0000] "GET /public/uploads/products/1705717299010-product-green.png HTTP/1.1" 200 9569 "-" "node"
::1 - - [01/Feb/2024:10:52:44 +0000] "GET /public/uploads/products/1705717607198-product-green.png HTTP/1.1" 200 9569 "-" "node"
::1 - - [01/Feb/2024:10:52:44 +0000] "GET /public/uploads/products/1705717457753-product-green.png HTTP/1.1" 200 9569 "-" "node"
::1 - - [01/Feb/2024:10:52:44 +0000] "GET /public/uploads/products/1706366570461-product-skyblue.png HTTP/1.1" 200 8317 "-" "node"
::1 - - [01/Feb/2024:10:52:45 +0000] "GET /api/v1/product/all-reviews?productId=65ab2f11100d3954c56e709a&userId=65ab19112f61670e24026a14 HTTP/1.1" 304 - "http://localhost:3000/" "Mozilla/5.0 (Windows NT 10.0; Win64; x64) AppleWebKit/537.36 (KHTML, like Gecko) Chrome/121.0.0.0 Safari/537.36"
::1 - - [01/Feb/2024:10:52:45 +0000] "GET /public/uploads/users/1705718561706-120926404_413898222929480_2254540235409040586_n.jpg HTTP/1.1" 200 262400 "-" "node"
::1 - - [01/Feb/2024:10:53:01 +0000] "GET /public/uploads/banners/1705713500451-1000x320.png HTTP/1.1" 200 17883 "-" "node"
::1 - - [01/Feb/2024:10:53:03 +0000] "GET /public/uploads/banners/1705713511154-1000x340.png HTTP/1.1" 200 17895 "-" "node"
::1 - - [01/Feb/2024:10:53:05 +0000] "GET /api/v1/product/all-products?page=1&ratings=0&limit=10&category=&subcategory=65ab1c092f61670e24026a46&search=&minPrice=&maxPrice= HTTP/1.1" 200 8363 "-" "node"
::1 - - [01/Feb/2024:10:53:05 +0000] "GET /api/v1/banner/get-all-banners?bannerType=categoryBanner&category=65ab1c092f61670e24026a46 HTTP/1.1" 201 57 "http://localhost:3000/" "Mozilla/5.0 (Windows NT 10.0; Win64; x64) AppleWebKit/537.36 (KHTML, like Gecko) Chrome/121.0.0.0 Safari/537.36"
::1 - - [01/Feb/2024:10:53:10 +0000] "GET /api/v1/product/all-products?page=1&ratings=0&limit=10&category=&subcategory=65ab1c092f61670e24026a46&search=&minPrice=&maxPrice= HTTP/1.1" 200 8363 "-" "node"
::1 - - [01/Feb/2024:10:53:16 +0000] "GET /api/v1/product/single-product/mi-2-band-bluetooth-calling-smart-watch HTTP/1.1" 200 3509 "-" "node"
::1 - - [01/Feb/2024:10:53:16 +0000] "GET /public/uploads/products/1706366570463-product-green.png HTTP/1.1" 200 9569 "-" "node"
::1 - - [01/Feb/2024:10:53:16 +0000] "GET /public/uploads/products/1706366570461-product-skyblue.png HTTP/1.1" 200 8317 "-" "node"
::1 - - [01/Feb/2024:10:53:16 +0000] "GET /public/uploads/products/1706366570462-product-blue.png HTTP/1.1" 200 9606 "-" "node"
::1 - - [01/Feb/2024:10:53:16 +0000] "GET /public/uploads/products/1705717521573-product-green.png HTTP/1.1" 200 9569 "-" "node"
::1 - - [01/Feb/2024:10:53:16 +0000] "GET /api/v1/product/all-reviews?productId=65b5166af528d7d747041cef&userId=65ab19112f61670e24026a14 HTTP/1.1" 304 - "http://localhost:3000/" "Mozilla/5.0 (Windows NT 10.0; Win64; x64) AppleWebKit/537.36 (KHTML, like Gecko) Chrome/121.0.0.0 Safari/537.36"
::1 - - [01/Feb/2024:10:53:18 +0000] "GET /public/uploads/users/1706580431860-order-success.png HTTP/1.1" 200 34258 "-" "node"
::1 - - [01/Feb/2024:10:53:36 +0000] "GET /api/v1/product/single-product/colmi-p71-bluetooth-calling-smart-watch HTTP/1.1" 200 3353 "-" "node"
::1 - - [01/Feb/2024:10:53:36 +0000] "GET /public/uploads/products/1705717166574-product-light-green.png HTTP/1.1" 200 8728 "-" "node"
::1 - - [01/Feb/2024:10:53:36 +0000] "GET /public/uploads/products/1705717166573-product-green.png HTTP/1.1" 200 9569 "-" "node"
::1 - - [01/Feb/2024:10:53:36 +0000] "GET /public/uploads/products/1705717166573-product-blue.png HTTP/1.1" 200 9606 "-" "node"
::1 - - [01/Feb/2024:10:53:37 +0000] "GET /api/v1/product/all-reviews?productId=65ab2dae100d3954c56e705f&userId=65ab19112f61670e24026a14 HTTP/1.1" 304 - "http://localhost:3000/" "Mozilla/5.0 (Windows NT 10.0; Win64; x64) AppleWebKit/537.36 (KHTML, like Gecko) Chrome/121.0.0.0 Safari/537.36"
::1 - - [01/Feb/2024:10:53:46 +0000] "GET /api/v1/product/sold-product HTTP/1.1" 200 13920 "-" "node"
::1 - - [01/Feb/2024:10:53:46 +0000] "GET /api/v1/review/get-customer-review HTTP/1.1" 201 571 "-" "node"
::1 - - [01/Feb/2024:10:53:47 +0000] "GET /api/v1/product/all-products HTTP/1.1" 200 14406 "-" "node"
::1 - - [01/Feb/2024:10:53:51 +0000] "GET /api/v1/product/single-product/colmi-c81-bluetooth-calling-smart-watch HTTP/1.1" 200 3352 "-" "node"
::1 - - [01/Feb/2024:10:53:52 +0000] "GET /public/uploads/products/1705717607200-product-grey.png HTTP/1.1" 200 9506 "-" "node"
::1 - - [01/Feb/2024:10:53:52 +0000] "GET /public/uploads/products/1705717166573-product-blue.png HTTP/1.1" 200 9606 "-" "node"
::1 - - [01/Feb/2024:10:53:52 +0000] "GET /public/uploads/products/1705717607198-product-green.png HTTP/1.1" 200 9569 "-" "node"
::1 - - [01/Feb/2024:10:53:52 +0000] "GET /public/uploads/products/1705717607199-product-light-green.png HTTP/1.1" 200 8728 "-" "node"
::1 - - [01/Feb/2024:10:53:52 +0000] "GET /public/uploads/products/1705717299010-product-green.png HTTP/1.1" 200 9569 "-" "node"
::1 - - [01/Feb/2024:10:53:52 +0000] "GET /public/uploads/products/1705717457753-product-green.png HTTP/1.1" 200 9569 "-" "node"
::1 - - [01/Feb/2024:10:53:52 +0000] "GET /public/uploads/products/1706366570461-product-skyblue.png HTTP/1.1" 200 8317 "-" "node"
::1 - - [01/Feb/2024:10:53:52 +0000] "GET /api/v1/product/all-reviews?productId=65ab2f67100d3954c56e70b1&userId=65ab19112f61670e24026a14 HTTP/1.1" 304 - "http://localhost:3000/" "Mozilla/5.0 (Windows NT 10.0; Win64; x64) AppleWebKit/537.36 (KHTML, like Gecko) Chrome/121.0.0.0 Safari/537.36"
::1 - - [01/Feb/2024:10:53:52 +0000] "GET /public/uploads/users/1705718561706-120926404_413898222929480_2254540235409040586_n.jpg HTTP/1.1" 200 262400 "-" "node"
::1 - - [01/Feb/2024:10:53:59 +0000] "GET /api/v1/review/get-customer-review HTTP/1.1" 201 571 "-" "node"
::1 - - [01/Feb/2024:10:53:59 +0000] "GET /api/v1/product/sold-product HTTP/1.1" 200 13920 "-" "node"
::1 - - [01/Feb/2024:10:54:00 +0000] "GET /api/v1/product/all-products HTTP/1.1" 200 14406 "-" "node"
::1 - - [01/Feb/2024:10:56:28 +0000] "GET /api/v1/user/refresh HTTP/1.1" 400 65 "-" "node"
::1 - - [01/Feb/2024:10:56:28 +0000] "GET /api/v1/user/me HTTP/1.1" 400 65 "-" "node"
::1 - - [01/Feb/2024:10:56:28 +0000] "GET /api/v1/banner/get-all-banners?bannerType=topBanner HTTP/1.1" 201 190 "-" "node"
::1 - - [01/Feb/2024:10:56:29 +0000] "GET /public/uploads/banners/1705713550491-banner-top2.png HTTP/1.1" 200 897 "-" "node"
::1 - - [01/Feb/2024:10:56:47 +0000] "GET /api/v1/user/refresh HTTP/1.1" 400 65 "-" "node"
::1 - - [01/Feb/2024:10:56:47 +0000] "GET /api/v1/user/me HTTP/1.1" 400 65 "-" "node"
::1 - - [01/Feb/2024:10:56:47 +0000] "GET /api/v1/banner/get-all-banners?bannerType=topBanner HTTP/1.1" 201 190 "-" "node"
::1 - - [01/Feb/2024:10:56:49 +0000] "GET /api/v1/user/refresh HTTP/1.1" 200 205 "http://localhost:3000/" "Mozilla/5.0 (Windows NT 10.0; Win64; x64) AppleWebKit/537.36 (KHTML, like Gecko) Chrome/121.0.0.0 Safari/537.36"
::1 - - [01/Feb/2024:10:56:49 +0000] "GET /api/v1/category/category-subcategory HTTP/1.1" 304 - "http://localhost:3000/" "Mozilla/5.0 (Windows NT 10.0; Win64; x64) AppleWebKit/537.36 (KHTML, like Gecko) Chrome/121.0.0.0 Safari/537.36"
::1 - - [01/Feb/2024:10:56:49 +0000] "GET /api/v1/user/me HTTP/1.1" 304 - "http://localhost:3000/" "Mozilla/5.0 (Windows NT 10.0; Win64; x64) AppleWebKit/537.36 (KHTML, like Gecko) Chrome/121.0.0.0 Safari/537.36"
::1 - - [01/Feb/2024:10:56:49 +0000] "GET /api/v1/cart/get-cart HTTP/1.1" 304 - "http://localhost:3000/" "Mozilla/5.0 (Windows NT 10.0; Win64; x64) AppleWebKit/537.36 (KHTML, like Gecko) Chrome/121.0.0.0 Safari/537.36"
::1 - - [01/Feb/2024:10:56:49 +0000] "GET /public/uploads/users/1705718561706-120926404_413898222929480_2254540235409040586_n.jpg HTTP/1.1" 200 262400 "-" "node"
::1 - - [01/Feb/2024:10:56:49 +0000] "GET /public/uploads/products/1705715630247-1704468990890-khejur-3.png HTTP/1.1" 200 7227 "-" "node"
::1 - - [01/Feb/2024:10:56:49 +0000] "GET /api/v1/cart/updated-price HTTP/1.1" 304 - "http://localhost:3000/" "Mozilla/5.0 (Windows NT 10.0; Win64; x64) AppleWebKit/537.36 (KHTML, like Gecko) Chrome/121.0.0.0 Safari/537.36"
::1 - - [01/Feb/2024:10:56:53 +0000] "GET /api/v1/review/get-customer-review HTTP/1.1" 201 571 "-" "node"
::1 - - [01/Feb/2024:10:56:53 +0000] "GET /api/v1/product/sold-product HTTP/1.1" 200 13920 "-" "node"
::1 - - [01/Feb/2024:10:56:55 +0000] "GET /api/v1/product/all-products HTTP/1.1" 200 14406 "-" "node"
::1 - - [01/Feb/2024:10:56:55 +0000] "GET /public/uploads/products/1706366570461-product-skyblue.png HTTP/1.1" 200 8317 "-" "node"
::1 - - [01/Feb/2024:10:56:55 +0000] "GET /public/uploads/products/1705717607198-product-green.png HTTP/1.1" 200 9569 "-" "node"
::1 - - [01/Feb/2024:10:56:55 +0000] "GET /public/uploads/products/1705717521573-product-green.png HTTP/1.1" 200 9569 "-" "node"
::1 - - [01/Feb/2024:10:56:55 +0000] "GET /public/uploads/products/1705717457753-product-green.png HTTP/1.1" 200 9569 "-" "node"
::1 - - [01/Feb/2024:10:56:55 +0000] "GET /public/uploads/products/1705717299010-product-green.png HTTP/1.1" 200 9569 "-" "node"
::1 - - [01/Feb/2024:10:56:55 +0000] "GET /public/uploads/products/1705717166573-product-blue.png HTTP/1.1" 200 9606 "-" "node"
::1 - - [01/Feb/2024:10:56:55 +0000] "GET /public/uploads/products/1705715838498-product-green.png HTTP/1.1" 200 9569 "-" "node"
::1 - - [01/Feb/2024:10:56:55 +0000] "GET /api/v1/banner/get-all-banners?bannerType=mainBanner HTTP/1.1" 201 814 "http://localhost:3000/" "Mozilla/5.0 (Windows NT 10.0; Win64; x64) AppleWebKit/537.36 (KHTML, like Gecko) Chrome/121.0.0.0 Safari/537.36"
::1 - - [01/Feb/2024:10:56:55 +0000] "GET /public/uploads/products/1705715630247-1704468990890-khejur-3.png HTTP/1.1" 200 7227 "-" "node"
::1 - - [01/Feb/2024:10:56:55 +0000] "GET /public/uploads/products/1705715691023-product-skyblue.png HTTP/1.1" 200 8317 "-" "node"
::1 - - [01/Feb/2024:10:56:55 +0000] "GET /public/uploads/products/1705715414100-product-grey.png HTTP/1.1" 200 9506 "-" "node"
::1 - - [01/Feb/2024:10:56:55 +0000] "GET /public/uploads/banners/1705713466469-75988a3e-1172-43d9-adbe-4ba4b144899a.jpg HTTP/1.1" 200 98989 "-" "node"
::1 - - [01/Feb/2024:10:56:55 +0000] "GET /public/uploads/banners/1705713474573-fc166abf-c154-406e-9342-ecd5e437b3e7.jpg HTTP/1.1" 200 121176 "-" "node"
::1 - - [01/Feb/2024:10:56:55 +0000] "GET /public/uploads/products/1705715176779-product-grey.png HTTP/1.1" 200 9506 "-" "node"
::1 - - [01/Feb/2024:10:56:56 +0000] "GET /public/uploads/customerReview/1705717954751-customer-review-image.png HTTP/1.1" 200 6107 "-" "node"
::1 - - [01/Feb/2024:10:56:56 +0000] "GET /public/uploads/customerReview/1705717957683-customer-review-image.png HTTP/1.1" 200 6107 "-" "node"
::1 - - [01/Feb/2024:10:56:56 +0000] "GET /public/uploads/customerReview/1705717959640-customer-review-image.png HTTP/1.1" 200 6107 "-" "node"
::1 - - [01/Feb/2024:10:56:56 +0000] "GET /public/uploads/customerReview/1705717961465-customer-review-image.png HTTP/1.1" 200 6107 "-" "node"
::1 - - [01/Feb/2024:10:56:58 +0000] "GET /public/uploads/banners/1705713483221-9b19f152-e405-4b0b-8fe0-d1234d57eae9.jpg_1200x1200.jpg HTTP/1.1" 200 136456 "-" "node"
::1 - - [01/Feb/2024:10:56:59 +0000] "GET /public/uploads/banners/1705713500451-1000x320.png HTTP/1.1" 200 17883 "-" "node"
::1 - - [01/Feb/2024:10:57:01 +0000] "GET /public/uploads/banners/1705713511154-1000x340.png HTTP/1.1" 200 17895 "-" "node"
::1 - - [01/Feb/2024:11:00:34 +0000] "GET /api/v1/order/all-orders HTTP/1.1" 200 3622 "-" "PostmanRuntime/7.36.1"
